"../../../Engine/Content/Functions/Engine_MaterialFunctions01/Opacity/CameraDepthFade.uasset" 0
"../../../Engine/Content/Functions/Engine_MaterialFunctions01/Opacity/CameraDepthFade.uexp" 1
"../../../Engine/Content/EngineMaterials/T_Default_Material_Grid_M.uasset" 2
"../../../Engine/Content/EngineMaterials/T_Default_Material_Grid_M.uexp" 3
"../../../Engine/Content/EngineMaterials/T_Default_Material_Grid_M.ubulk" 4
"../../../Engine/Content/EngineMaterials/T_Default_Material_Grid_N.uasset" 5
"../../../Engine/Content/EngineMaterials/T_Default_Material_Grid_N.uexp" 6
"../../../Engine/Content/EngineMaterials/T_Default_Material_Grid_N.ubulk" 7
"../../../Engine/Content/EngineMaterials/WorldGridMaterial.uasset" 8
"../../../Engine/Content/EngineMaterials/WorldGridMaterial.uexp" 9
"../../../Engine/Content/ArtTools/RenderToTexture/Meshes/S_1_Unit_Plane.uasset" 10
"../../../Engine/Content/ArtTools/RenderToTexture/Meshes/S_1_Unit_Plane.uexp" 11
"../../../Engine/Content/ArtTools/RenderToTexture/Meshes/S_1_Unit_Plane.ubulk" 12
"../../../Engine/Content/EngineMaterials/DefaultMaterial.uasset" 13
"../../../Engine/Content/EngineMaterials/DefaultMaterial.uexp" 14
"../../../Engine/Content/BasicShapes/Cone.uasset" 15
"../../../Engine/Content/BasicShapes/Cone.uexp" 16
"../../../Engine/Content/BasicShapes/Cone.ubulk" 17
"../../../Engine/Content/BasicShapes/Plane.uasset" 18
"../../../Engine/Content/BasicShapes/Plane.uexp" 19
"../../../Engine/Content/BasicShapes/Plane.ubulk" 20
"../../../Engine/Content/EngineMaterials/DefaultPhysicalMaterial.uasset" 21
"../../../Engine/Content/EngineMaterials/DefaultPhysicalMaterial.uexp" 22
"../../../Engine/Content/BufferVisualization/AmbientOcclusion.uasset" 23
"../../../Engine/Content/BufferVisualization/AmbientOcclusion.uexp" 24
"../../../Engine/Content/Functions/Engine_MaterialFunctions02/Utility/AppendMany.uasset" 25
"../../../Engine/Content/Functions/Engine_MaterialFunctions02/Utility/AppendMany.uexp" 26
"../../../Engine/Content/BufferVisualization/Anisotropy.uasset" 27
"../../../Engine/Content/BufferVisualization/Anisotropy.uexp" 28
"../../../Engine/Content/BufferVisualization/BaseColor.uasset" 29
"../../../Engine/Content/BufferVisualization/BaseColor.uexp" 30
"../../../Engine/Content/BufferVisualization/CustomDepth.uasset" 31
"../../../Engine/Content/BufferVisualization/CustomDepth.uexp" 32
"../../../Engine/Content/Functions/Engine_MaterialFunctions02/Utility/VectorLength.uasset" 33
"../../../Engine/Content/Functions/Engine_MaterialFunctions02/Utility/VectorLength.uexp" 34
"../../../Engine/Content/BufferVisualization/CustomDepthWorldUnits.uasset" 35
"../../../Engine/Content/BufferVisualization/CustomDepthWorldUnits.uexp" 36
"../../../Engine/Content/EngineMaterials/MiniFont.uasset" 37
"../../../Engine/Content/EngineMaterials/MiniFont.uexp" 38
"../../../Engine/Content/Functions/Engine_MaterialFunctions02/Utility/MakeFloat3.uasset" 39
"../../../Engine/Content/Functions/Engine_MaterialFunctions02/Utility/MakeFloat3.uexp" 40
"../../../Engine/Content/Functions/Engine_MaterialFunctions02/Utility/MakeFloat2.uasset" 41
"../../../Engine/Content/Functions/Engine_MaterialFunctions02/Utility/MakeFloat2.uexp" 42
"../../../Engine/Content/Functions/Engine_MaterialFunctions02/ScreenResolution.uasset" 43
"../../../Engine/Content/Functions/Engine_MaterialFunctions02/ScreenResolution.uexp" 44
"../../../Engine/Content/Functions/Engine_MaterialFunctions02/Utility/BreakOutFloat2Components.uasset" 45
"../../../Engine/Content/Functions/Engine_MaterialFunctions02/Utility/BreakOutFloat2Components.uexp" 46
"../../../Engine/Content/Functions/Engine_MaterialFunctions01/Texturing/ScaleUVsByCenter.uasset" 47
"../../../Engine/Content/Functions/Engine_MaterialFunctions01/Texturing/ScaleUVsByCenter.uexp" 48
"../../../Engine/Content/Functions/Engine_MaterialFunctions02/Texturing/ScreenAlignedUVs.uasset" 49
"../../../Engine/Content/Functions/Engine_MaterialFunctions02/Texturing/ScreenAlignedUVs.uexp" 50
"../../../Engine/Content/BufferVisualization/CustomStencil.uasset" 51
"../../../Engine/Content/BufferVisualization/CustomStencil.uexp" 52
"../../../Engine/Content/BufferVisualization/FinalImage.uasset" 53
"../../../Engine/Content/BufferVisualization/FinalImage.uexp" 54
"../../../Engine/Content/BufferVisualization/LightingModel.uasset" 55
"../../../Engine/Content/BufferVisualization/LightingModel.uexp" 56
"../../../Engine/Content/BufferVisualization/MaterialAO.uasset" 57
"../../../Engine/Content/BufferVisualization/MaterialAO.uexp" 58
"../../../Engine/Content/BufferVisualization/Metallic.uasset" 59
"../../../Engine/Content/BufferVisualization/Metallic.uexp" 60
"../../../Engine/Content/BufferVisualization/Opacity.uasset" 61
"../../../Engine/Content/BufferVisualization/Opacity.uexp" 62
"../../../Engine/Content/BufferVisualization/PostTonemapHDRColor.uasset" 63
"../../../Engine/Content/BufferVisualization/PostTonemapHDRColor.uexp" 64
"../../../Engine/Content/BufferVisualization/PreTonemapHDRColor.uasset" 65
"../../../Engine/Content/BufferVisualization/PreTonemapHDRColor.uexp" 66
"../../../Engine/Content/BufferVisualization/Roughness.uasset" 67
"../../../Engine/Content/BufferVisualization/Roughness.uexp" 68
"../../../Engine/Content/BufferVisualization/SceneColor.uasset" 69
"../../../Engine/Content/BufferVisualization/SceneColor.uexp" 70
"../../../Engine/Content/BufferVisualization/SceneDepth.uasset" 71
"../../../Engine/Content/BufferVisualization/SceneDepth.uexp" 72
"../../../Engine/Content/BufferVisualization/SceneDepthWorldUnits.uasset" 73
"../../../Engine/Content/BufferVisualization/SceneDepthWorldUnits.uexp" 74
"../../../Engine/Content/BufferVisualization/SeparateTranslucencyA.uasset" 75
"../../../Engine/Content/BufferVisualization/SeparateTranslucencyA.uexp" 76
"../../../Engine/Content/BufferVisualization/SeparateTranslucencyRGB.uasset" 77
"../../../Engine/Content/BufferVisualization/SeparateTranslucencyRGB.uexp" 78
"../../../Engine/Content/BufferVisualization/Specular.uasset" 79
"../../../Engine/Content/BufferVisualization/Specular.uexp" 80
"../../../Engine/Content/BufferVisualization/SubsurfaceColor.uasset" 81
"../../../Engine/Content/BufferVisualization/SubsurfaceColor.uexp" 82
"../../../Engine/Content/BufferVisualization/Velocity.uasset" 83
"../../../Engine/Content/BufferVisualization/Velocity.uexp" 84
"../../../Engine/Content/BufferVisualization/WorldNormal.uasset" 85
"../../../Engine/Content/BufferVisualization/WorldNormal.uexp" 86
"../../../Engine/Content/BufferVisualization/WorldTangent.uasset" 87
"../../../Engine/Content/BufferVisualization/WorldTangent.uexp" 88
"../../../Engine/Content/EditorLandscapeResources/DataLayer.uasset" 89
"../../../Engine/Content/EditorLandscapeResources/DataLayer.uexp" 90
"../../../Engine/Content/EditorLandscapeResources/DefaultAlphaTexture.uasset" 91
"../../../Engine/Content/EditorLandscapeResources/DefaultAlphaTexture.uexp" 92
"../../../Engine/Content/EditorLandscapeResources/LandscapeGizmoHeight_Mat.uasset" 93
"../../../Engine/Content/EditorLandscapeResources/LandscapeGizmoHeight_Mat.uexp" 94
"../../../Engine/Content/EditorLandscapeResources/LandscapeGizmo_Mat.uasset" 95
"../../../Engine/Content/EditorLandscapeResources/LandscapeGizmo_Mat.uexp" 96
"../../../Engine/Content/EditorLandscapeResources/LandscapeGizmo_Mat_Copied.uasset" 97
"../../../Engine/Content/EditorLandscapeResources/LandscapeGizmo_Mat_Copied.uexp" 98
"../../../Engine/Content/EditorLandscapeResources/SplineEditorMeshMat.uasset" 99
"../../../Engine/Content/EditorLandscapeResources/SplineEditorMeshMat.uexp" 100
"../../../Engine/Content/EditorLandscapeResources/SplineEditorMesh.uasset" 101
"../../../Engine/Content/EditorLandscapeResources/SplineEditorMesh.uexp" 102
"../../../Engine/Content/EditorLandscapeResources/SplineEditorMesh.ubulk" 103
"../../../Engine/Content/EditorMaterials/Cross.uasset" 104
"../../../Engine/Content/EditorMaterials/Cross.uexp" 105
"../../../Engine/Content/EditorMaterials/Cross_Mat.uasset" 106
"../../../Engine/Content/EditorMaterials/Cross_Mat.uexp" 107
"../../../Engine/Content/Functions/Engine_MaterialFunctions02/Utility/Sign.uasset" 108
"../../../Engine/Content/Functions/Engine_MaterialFunctions02/Utility/Sign.uexp" 109
"../../../Engine/Content/Functions/Engine_MaterialFunctions02/Utility/Round.uasset" 110
"../../../Engine/Content/Functions/Engine_MaterialFunctions02/Utility/Round.uexp" 111
"../../../Engine/Content/EditorResources/T_EditorHelp.uasset" 112
"../../../Engine/Content/EditorResources/T_EditorHelp.uexp" 113
"../../../Engine/Content/EditorResources/T_EditorHelp.ubulk" 114
"../../../Engine/Content/Functions/Engine_MaterialFunctions02/ExampleContent/Textures/flipbook.uasset" 115
"../../../Engine/Content/Functions/Engine_MaterialFunctions02/ExampleContent/Textures/flipbook.uexp" 116
"../../../Engine/Content/Functions/Engine_MaterialFunctions02/ExampleContent/Textures/flipbook.ubulk" 117
"../../../Engine/Content/EngineMaterials/DefaultDiffuse.uasset" 118
"../../../Engine/Content/EngineMaterials/DefaultDiffuse.uexp" 119
"../../../Engine/Content/EngineMaterials/DefaultDiffuse.ubulk" 120
"../../../Engine/Content/Functions/Engine_MaterialFunctions01/Texturing/TextureCropping.uasset" 121
"../../../Engine/Content/Functions/Engine_MaterialFunctions01/Texturing/TextureCropping.uexp" 122
"../../../Engine/Content/Functions/Engine_MaterialFunctions01/Texturing/ComputeMipLevel.uasset" 123
"../../../Engine/Content/Functions/Engine_MaterialFunctions01/Texturing/ComputeMipLevel.uexp" 124
"../../../Engine/Content/Functions/Engine_MaterialFunctions02/ExampleContent/DebugNumberStrip.uasset" 125
"../../../Engine/Content/Functions/Engine_MaterialFunctions02/ExampleContent/DebugNumberStrip.uexp" 126
"../../../Engine/Content/Functions/Engine_MaterialFunctions02/ExampleContent/Textures/DebugNumberPeriod.uasset" 127
"../../../Engine/Content/Functions/Engine_MaterialFunctions02/ExampleContent/Textures/DebugNumberPeriod.uexp" 128
"../../../Engine/Content/Functions/Engine_MaterialFunctions02/Utility/DebugScalarValues.uasset" 129
"../../../Engine/Content/Functions/Engine_MaterialFunctions02/Utility/DebugScalarValues.uexp" 130
"../../../Engine/Content/Functions/Engine_MaterialFunctions02/Utility/DebugFloat2Values.uasset" 131
"../../../Engine/Content/Functions/Engine_MaterialFunctions02/Utility/DebugFloat2Values.uexp" 132
"../../../Engine/Content/Functions/Engine_MaterialFunctions02/Texturing/FlipBook.uasset" 133
"../../../Engine/Content/Functions/Engine_MaterialFunctions02/Texturing/FlipBook.uexp" 134
"../../../Engine/Content/EditorMaterials/HelpActorMaterial.uasset" 135
"../../../Engine/Content/EditorMaterials/HelpActorMaterial.uexp" 136
"../../../Engine/Content/EditorMaterials/TilingAALineIntegral.uasset" 137
"../../../Engine/Content/EditorMaterials/TilingAALineIntegral.uexp" 138
"../../../Engine/Content/EditorMaterials/TilingAALineBoxFiltered.uasset" 139
"../../../Engine/Content/EditorMaterials/TilingAALineBoxFiltered.uexp" 140
"../../../Engine/Content/Functions/Engine_MaterialFunctions03/Procedurals/ComputeFilterWidth.uasset" 141
"../../../Engine/Content/Functions/Engine_MaterialFunctions03/Procedurals/ComputeFilterWidth.uexp" 142
"../../../Engine/Content/EditorMaterials/TilingAADots.uasset" 143
"../../../Engine/Content/EditorMaterials/TilingAADots.uexp" 144
"../../../Engine/Content/EngineMaterials/BlendFunc_DefBase.uasset" 145
"../../../Engine/Content/EngineMaterials/BlendFunc_DefBase.uexp" 146
"../../../Engine/Content/EngineMaterials/BlendFunc_DefBlend.uasset" 147
"../../../Engine/Content/EngineMaterials/BlendFunc_DefBlend.uexp" 148
"../../../Engine/Content/Functions/Engine_MaterialFunctions03/Blends/Blend_Screen.uasset" 149
"../../../Engine/Content/Functions/Engine_MaterialFunctions03/Blends/Blend_Screen.uexp" 150
"../../../Engine/Content/EditorMaterials/TilingAAGrid.uasset" 151
"../../../Engine/Content/EditorMaterials/TilingAAGrid.uexp" 152
"../../../Engine/Content/EditorMaterials/CompositeARGBLayer.uasset" 153
"../../../Engine/Content/EditorMaterials/CompositeARGBLayer.uexp" 154
"../../../Engine/Content/EditorMaterials/LevelGridMaterial.uasset" 155
"../../../Engine/Content/EditorMaterials/LevelGridMaterial.uexp" 156
"../../../Engine/Content/EditorMaterials/MakeCompositeARGBLayer.uasset" 157
"../../../Engine/Content/EditorMaterials/MakeCompositeARGBLayer.uexp" 158
"../../../Engine/Content/EditorResources/LevelGrid1DStripes.uasset" 159
"../../../Engine/Content/EditorResources/LevelGrid1DStripes.uexp" 160
"../../../Engine/Content/EditorMaterials/TextureGridCascaded1D.uasset" 161
"../../../Engine/Content/EditorMaterials/TextureGridCascaded1D.uexp" 162
"../../../Engine/Content/EditorMaterials/TextureGridCascaded2D.uasset" 163
"../../../Engine/Content/EditorMaterials/TextureGridCascaded2D.uexp" 164
"../../../Engine/Content/EditorMaterials/LevelGridMaterial2.uasset" 165
"../../../Engine/Content/EditorMaterials/LevelGridMaterial2.uexp" 166
"../../../Engine/Content/EditorMaterials/MAT_Groups_Toggle.uasset" 167
"../../../Engine/Content/EditorMaterials/MAT_Groups_Toggle.uexp" 168
"../../../Engine/Content/EditorMaterials/MAT_Groups_Visibility.uasset" 169
"../../../Engine/Content/EditorMaterials/MAT_Groups_Visibility.uexp" 170
"../../../Engine/Content/EditorMaterials/PhAT_BoneSelectedMaterial.uasset" 171
"../../../Engine/Content/EditorMaterials/PhAT_BoneSelectedMaterial.uexp" 172
"../../../Engine/Content/EditorMaterials/PhAT_ElemSelectedMaterial.uasset" 173
"../../../Engine/Content/EditorMaterials/PhAT_ElemSelectedMaterial.uexp" 174
"../../../Engine/Content/EditorMaterials/PhAT_NoCollisionMaterial.uasset" 175
"../../../Engine/Content/EditorMaterials/PhAT_NoCollisionMaterial.uexp" 176
"../../../Engine/Content/EditorMaterials/PhAT_UnselectedMaterial.uasset" 177
"../../../Engine/Content/EditorMaterials/PhAT_UnselectedMaterial.uexp" 178
"../../../Engine/Content/EditorMaterials/PreviewShadowIndicator.uasset" 179
"../../../Engine/Content/EditorMaterials/PreviewShadowIndicator.uexp" 180
"../../../Engine/Content/EditorMaterials/PreviewShadowIndicator.ubulk" 181
"../../../Engine/Content/EditorMaterials/PreviewShadowIndicatorMaterial.uasset" 182
"../../../Engine/Content/EditorMaterials/PreviewShadowIndicatorMaterial.uexp" 183
"../../../Engine/Content/EditorMaterials/TargetIcon.uasset" 184
"../../../Engine/Content/EditorMaterials/TargetIcon.uexp" 185
"../../../Engine/Content/EditorMaterials/TargetIcon.ubulk" 186
"../../../Engine/Content/EditorMaterials/Tick.uasset" 187
"../../../Engine/Content/EditorMaterials/Tick.uexp" 188
"../../../Engine/Content/EditorMaterials/Tick_Mat.uasset" 189
"../../../Engine/Content/EditorMaterials/Tick_Mat.uexp" 190
"../../../Engine/Content/EditorMaterials/WidgetGridVertexColorMaterial.uasset" 191
"../../../Engine/Content/EditorMaterials/WidgetGridVertexColorMaterial.uexp" 192
"../../../Engine/Content/EditorMaterials/WidgetGridVertexColorMaterial.ubulk" 193
"../../../Engine/Content/EditorMaterials/WidgetGridVertexColorMaterial_Ma.uasset" 194
"../../../Engine/Content/EditorMaterials/WidgetGridVertexColorMaterial_Ma.uexp" 195
"../../../Engine/Content/EditorMaterials/WidgetMaterial.uasset" 196
"../../../Engine/Content/EditorMaterials/WidgetMaterial.uexp" 197
"../../../Engine/Content/EditorMaterials/WidgetMaterial_Current.uasset" 198
"../../../Engine/Content/EditorMaterials/WidgetMaterial_Current.uexp" 199
"../../../Engine/Content/EditorMaterials/WidgetMaterial_X.uasset" 200
"../../../Engine/Content/EditorMaterials/WidgetMaterial_X.uexp" 201
"../../../Engine/Content/EditorMaterials/WidgetMaterial_Y.uasset" 202
"../../../Engine/Content/EditorMaterials/WidgetMaterial_Y.uexp" 203
"../../../Engine/Content/EditorMaterials/WidgetMaterial_Z.uasset" 204
"../../../Engine/Content/EditorMaterials/WidgetMaterial_Z.uexp" 205
"../../../Engine/Content/EditorMaterials/WidgetVertexColorMaterial.uasset" 206
"../../../Engine/Content/EditorMaterials/WidgetVertexColorMaterial.uexp" 207
"../../../Engine/Content/EditorMaterials/MatineeGroups/MAT_ColorTrack.uasset" 208
"../../../Engine/Content/EditorMaterials/MatineeGroups/MAT_ColorTrack.uexp" 209
"../../../Engine/Content/EditorMaterials/MatineeGroups/MAT_Groups_Anim.uasset" 210
"../../../Engine/Content/EditorMaterials/MatineeGroups/MAT_Groups_Anim.uexp" 211
"../../../Engine/Content/EditorMaterials/MatineeGroups/MAT_Groups_AudioMaster.uasset" 212
"../../../Engine/Content/EditorMaterials/MatineeGroups/MAT_Groups_AudioMaster.uexp" 213
"../../../Engine/Content/EditorMaterials/MatineeGroups/MAT_Groups_Director.uasset" 214
"../../../Engine/Content/EditorMaterials/MatineeGroups/MAT_Groups_Director.uexp" 215
"../../../Engine/Content/EditorMaterials/MatineeGroups/MAT_Groups_Event.uasset" 216
"../../../Engine/Content/EditorMaterials/MatineeGroups/MAT_Groups_Event.uexp" 217
"../../../Engine/Content/EditorMaterials/MatineeGroups/MAT_Groups_Fade.uasset" 218
"../../../Engine/Content/EditorMaterials/MatineeGroups/MAT_Groups_Fade.uexp" 219
"../../../Engine/Content/EditorMaterials/MatineeGroups/MAT_Groups_Float.uasset" 220
"../../../Engine/Content/EditorMaterials/MatineeGroups/MAT_Groups_Float.uexp" 221
"../../../Engine/Content/EditorMaterials/MatineeGroups/MAT_Groups_Move.uasset" 222
"../../../Engine/Content/EditorMaterials/MatineeGroups/MAT_Groups_Move.uexp" 223
"../../../Engine/Content/EditorMaterials/MatineeGroups/MAT_Groups_Slomo.uasset" 224
"../../../Engine/Content/EditorMaterials/MatineeGroups/MAT_Groups_Slomo.uexp" 225
"../../../Engine/Content/EditorMaterials/MatineeGroups/MAT_Groups_Sound.uasset" 226
"../../../Engine/Content/EditorMaterials/MatineeGroups/MAT_Groups_Sound.uexp" 227
"../../../Engine/Content/EditorMaterials/MatineeGroups/MAT_Groups_Vector.uasset" 228
"../../../Engine/Content/EditorMaterials/MatineeGroups/MAT_Groups_Vector.uexp" 229
"../../../Engine/Content/EditorMaterials/ParticleSystems/PSysThumbnail_NoImage.uasset" 230
"../../../Engine/Content/EditorMaterials/ParticleSystems/PSysThumbnail_NoImage.uexp" 231
"../../../Engine/Content/EditorMaterials/ParticleSystems/PSysThumbnail_NoImage.ubulk" 232
"../../../Engine/Content/EditorMaterials/ParticleSystems/PSysThumbnail_OOD.uasset" 233
"../../../Engine/Content/EditorMaterials/ParticleSystems/PSysThumbnail_OOD.uexp" 234
"../../../Engine/Content/EditorMaterials/ParticleSystems/PSysThumbnail_OOD.ubulk" 235
"../../../Engine/Content/ArtTools/RenderToTexture/MaterialFunctions/CheckerPattern.uasset" 236
"../../../Engine/Content/ArtTools/RenderToTexture/MaterialFunctions/CheckerPattern.uexp" 237
"../../../Engine/Content/EditorMaterials/Thumbnails/FloorPlaneMaterial.uasset" 238
"../../../Engine/Content/EditorMaterials/Thumbnails/FloorPlaneMaterial.uexp" 239
"../../../Engine/Content/Functions/Engine_MaterialFunctions02/Utility/BreakOutFloat3Components.uasset" 240
"../../../Engine/Content/Functions/Engine_MaterialFunctions02/Utility/BreakOutFloat3Components.uexp" 241
"../../../Engine/Content/Functions/Engine_MaterialFunctions02/Utility/MakeFloat4.uasset" 242
"../../../Engine/Content/Functions/Engine_MaterialFunctions02/Utility/MakeFloat4.uexp" 243
"../../../Engine/Content/EditorMaterials/WorldPartition/WorldPartitionSpatialHashGridPreviewMaterial.uasset" 244
"../../../Engine/Content/EditorMaterials/WorldPartition/WorldPartitionSpatialHashGridPreviewMaterial.uexp" 245
"../../../Engine/Content/EditorMeshes/EditorCube.uasset" 246
"../../../Engine/Content/EditorMeshes/EditorCube.uexp" 247
"../../../Engine/Content/EditorMeshes/EditorCube.ubulk" 248
"../../../Engine/Content/EditorMeshes/EditorCylinder.uasset" 249
"../../../Engine/Content/EditorMeshes/EditorCylinder.uexp" 250
"../../../Engine/Content/EditorMeshes/EditorCylinder.ubulk" 251
"../../../Engine/Content/EditorMeshes/EditorPlane.uasset" 252
"../../../Engine/Content/EditorMeshes/EditorPlane.uexp" 253
"../../../Engine/Content/EditorMeshes/EditorPlane.ubulk" 254
"../../../Engine/Content/EditorMaterials/Thumbnails/SkySphereMaterial.uasset" 255
"../../../Engine/Content/EditorMaterials/Thumbnails/SkySphereMaterial.uexp" 256
"../../../Engine/Content/EditorMeshes/EditorSkySphere.uasset" 257
"../../../Engine/Content/EditorMeshes/EditorSkySphere.uexp" 258
"../../../Engine/Content/EditorMeshes/EditorSkySphere.ubulk" 259
"../../../Engine/Content/EditorMeshes/EditorSphere.uasset" 260
"../../../Engine/Content/EditorMeshes/EditorSphere.uexp" 261
"../../../Engine/Content/EditorMeshes/EditorSphere.ubulk" 262
"../../../Engine/Content/EditorMeshes/PlanarReflectionPlane.uasset" 263
"../../../Engine/Content/EditorMeshes/PlanarReflectionPlane.uexp" 264
"../../../Engine/Content/EditorMeshes/PlanarReflectionPlane.ubulk" 265
"../../../Engine/Content/EditorMaterials/Camera/CineMat.uasset" 266
"../../../Engine/Content/EditorMaterials/Camera/CineMat.uexp" 267
"../../../Engine/Content/EditorMaterials/Camera/MI_CineMat_CameraBody.uasset" 268
"../../../Engine/Content/EditorMaterials/Camera/MI_CineMat_CameraBody.uexp" 269
"../../../Engine/Content/EngineDebugMaterials/M_SimpleOpaque.uasset" 270
"../../../Engine/Content/EngineDebugMaterials/M_SimpleOpaque.uexp" 271
"../../../Engine/Content/EditorMaterials/Camera/MI_CineMat_CamViewFinder.uasset" 272
"../../../Engine/Content/EditorMaterials/Camera/MI_CineMat_CamViewFinder.uexp" 273
"../../../Engine/Content/EditorMeshes/Camera/SM_CineCam.uasset" 274
"../../../Engine/Content/EditorMeshes/Camera/SM_CineCam.uexp" 275
"../../../Engine/Content/EditorMeshes/Camera/SM_CineCam.ubulk" 276
"../../../Engine/Content/EditorMaterials/Camera/MI_CineMat_Rig.uasset" 277
"../../../Engine/Content/EditorMaterials/Camera/MI_CineMat_Rig.uexp" 278
"../../../Engine/Content/EditorMeshes/Camera/SM_CraneRig_Arm.uasset" 279
"../../../Engine/Content/EditorMeshes/Camera/SM_CraneRig_Arm.uexp" 280
"../../../Engine/Content/EditorMeshes/Camera/SM_CraneRig_Arm.ubulk" 281
"../../../Engine/Content/EditorMeshes/Camera/SM_CraneRig_Base.uasset" 282
"../../../Engine/Content/EditorMeshes/Camera/SM_CraneRig_Base.uexp" 283
"../../../Engine/Content/EditorMeshes/Camera/SM_CraneRig_Base.ubulk" 284
"../../../Engine/Content/EditorMeshes/Camera/SM_CraneRig_Body.uasset" 285
"../../../Engine/Content/EditorMeshes/Camera/SM_CraneRig_Body.uexp" 286
"../../../Engine/Content/EditorMeshes/Camera/SM_CraneRig_Body.ubulk" 287
"../../../Engine/Content/EditorMeshes/Camera/SM_CraneRig_Mount.uasset" 288
"../../../Engine/Content/EditorMeshes/Camera/SM_CraneRig_Mount.uexp" 289
"../../../Engine/Content/EditorMeshes/Camera/SM_CraneRig_Mount.ubulk" 290
"../../../Engine/Content/EditorMeshes/Camera/SM_RailRig_Mount.uasset" 291
"../../../Engine/Content/EditorMeshes/Camera/SM_RailRig_Mount.uexp" 292
"../../../Engine/Content/EditorMeshes/Camera/SM_RailRig_Mount.ubulk" 293
"../../../Engine/Content/EditorMeshes/Camera/SM_RailRig_Track.uasset" 294
"../../../Engine/Content/EditorMeshes/Camera/SM_RailRig_Track.uexp" 295
"../../../Engine/Content/EditorMeshes/Camera/SM_RailRig_Track.ubulk" 296
"../../../Engine/Content/EditorMeshes/ColorCalibrator/M_ChromeBall.uasset" 297
"../../../Engine/Content/EditorMeshes/ColorCalibrator/M_ChromeBall.uexp" 298
"../../../Engine/Content/EditorResources/Bad.uasset" 299
"../../../Engine/Content/EditorResources/Bad.uexp" 300
"../../../Engine/Content/EditorResources/Bad.ubulk" 301
"../../../Engine/Content/EditorResources/BSPVertex.uasset" 302
"../../../Engine/Content/EditorResources/BSPVertex.uexp" 303
"../../../Engine/Content/EditorResources/EmptyActor.uasset" 304
"../../../Engine/Content/EditorResources/EmptyActor.uexp" 305
"../../../Engine/Content/EditorResources/MatInstActSprite.uasset" 306
"../../../Engine/Content/EditorResources/MatInstActSprite.uexp" 307
"../../../Engine/Content/EditorResources/SceneManager.uasset" 308
"../../../Engine/Content/EditorResources/SceneManager.uexp" 309
"../../../Engine/Content/EditorResources/SceneManager.ubulk" 310
"../../../Engine/Content/EditorResources/SmallFont.uasset" 311
"../../../Engine/Content/EditorResources/SmallFont.uexp" 312
"../../../Engine/Content/EditorResources/S_Actor.uasset" 313
"../../../Engine/Content/EditorResources/S_Actor.uexp" 314
"../../../Engine/Content/EditorResources/S_Actor.ubulk" 315
"../../../Engine/Content/EditorResources/S_AtmosphericHeightFog.uasset" 316
"../../../Engine/Content/EditorResources/S_AtmosphericHeightFog.uexp" 317
"../../../Engine/Content/EditorResources/S_BoxReflectionCapture.uasset" 318
"../../../Engine/Content/EditorResources/S_BoxReflectionCapture.uexp" 319
"../../../Engine/Content/EditorResources/S_CameraShakeSource.uasset" 320
"../../../Engine/Content/EditorResources/S_CameraShakeSource.uexp" 321
"../../../Engine/Content/EditorResources/S_DecalActorIcon.uasset" 322
"../../../Engine/Content/EditorResources/S_DecalActorIcon.uexp" 323
"../../../Engine/Content/EditorResources/S_Emitter.uasset" 324
"../../../Engine/Content/EditorResources/S_Emitter.uexp" 325
"../../../Engine/Content/EditorResources/S_ExpoHeightFog.uasset" 326
"../../../Engine/Content/EditorResources/S_ExpoHeightFog.uexp" 327
"../../../Engine/Content/EditorResources/S_FTest.uasset" 328
"../../../Engine/Content/EditorResources/S_FTest.uexp" 329
"../../../Engine/Content/EditorResources/S_KBSJoint.uasset" 330
"../../../Engine/Content/EditorResources/S_KBSJoint.uexp" 331
"../../../Engine/Content/EditorResources/S_KBSJoint.ubulk" 332
"../../../Engine/Content/EditorResources/S_KHinge.uasset" 333
"../../../Engine/Content/EditorResources/S_KHinge.uexp" 334
"../../../Engine/Content/EditorResources/S_KHinge.ubulk" 335
"../../../Engine/Content/EditorResources/S_KPrismatic.uasset" 336
"../../../Engine/Content/EditorResources/S_KPrismatic.uexp" 337
"../../../Engine/Content/EditorResources/S_KPrismatic.ubulk" 338
"../../../Engine/Content/EditorResources/S_LevelSequence.uasset" 339
"../../../Engine/Content/EditorResources/S_LevelSequence.uexp" 340
"../../../Engine/Content/EditorResources/S_LevelSequence.ubulk" 341
"../../../Engine/Content/EditorResources/S_NavP.uasset" 342
"../../../Engine/Content/EditorResources/S_NavP.uexp" 343
"../../../Engine/Content/EditorResources/S_NavP.ubulk" 344
"../../../Engine/Content/EditorResources/S_Note.uasset" 345
"../../../Engine/Content/EditorResources/S_Note.uexp" 346
"../../../Engine/Content/EditorResources/S_Player.uasset" 347
"../../../Engine/Content/EditorResources/S_Player.uexp" 348
"../../../Engine/Content/EditorResources/S_PortalActorIcon2.uasset" 349
"../../../Engine/Content/EditorResources/S_PortalActorIcon2.uexp" 350
"../../../Engine/Content/EditorResources/S_PortalActorIcon2.ubulk" 351
"../../../Engine/Content/EditorResources/S_RadForce.uasset" 352
"../../../Engine/Content/EditorResources/S_RadForce.uexp" 353
"../../../Engine/Content/EditorResources/S_ReflActorIcon.uasset" 354
"../../../Engine/Content/EditorResources/S_ReflActorIcon.uexp" 355
"../../../Engine/Content/EditorResources/S_SkyAtmosphere.uasset" 356
"../../../Engine/Content/EditorResources/S_SkyAtmosphere.uexp" 357
"../../../Engine/Content/EditorResources/S_Solver.uasset" 358
"../../../Engine/Content/EditorResources/S_Solver.uexp" 359
"../../../Engine/Content/EditorResources/S_Solver.ubulk" 360
"../../../Engine/Content/EditorResources/S_TargetPoint.uasset" 361
"../../../Engine/Content/EditorResources/S_TargetPoint.uexp" 362
"../../../Engine/Content/EditorResources/S_Terrain.uasset" 363
"../../../Engine/Content/EditorResources/S_Terrain.uexp" 364
"../../../Engine/Content/EditorResources/S_Terrain.ubulk" 365
"../../../Engine/Content/EditorResources/S_TextRenderActorIcon.uasset" 366
"../../../Engine/Content/EditorResources/S_TextRenderActorIcon.uexp" 367
"../../../Engine/Content/EditorResources/S_Thruster.uasset" 368
"../../../Engine/Content/EditorResources/S_Thruster.uexp" 369
"../../../Engine/Content/EditorResources/S_Trigger.uasset" 370
"../../../Engine/Content/EditorResources/S_Trigger.uexp" 371
"../../../Engine/Content/EditorResources/S_Trigger.ubulk" 372
"../../../Engine/Content/EditorResources/S_TriggerBox.uasset" 373
"../../../Engine/Content/EditorResources/S_TriggerBox.uexp" 374
"../../../Engine/Content/EditorResources/S_TriggerCapsule.uasset" 375
"../../../Engine/Content/EditorResources/S_TriggerCapsule.uexp" 376
"../../../Engine/Content/EditorResources/S_TriggerSphere.uasset" 377
"../../../Engine/Content/EditorResources/S_TriggerSphere.uexp" 378
"../../../Engine/Content/EditorResources/S_VectorFieldVol.uasset" 379
"../../../Engine/Content/EditorResources/S_VectorFieldVol.uexp" 380
"../../../Engine/Content/EditorResources/S_VolumetricCloud.uasset" 381
"../../../Engine/Content/EditorResources/S_VolumetricCloud.uexp" 382
"../../../Engine/Content/EditorResources/S_VolumetricCloud.ubulk" 383
"../../../Engine/Content/EditorResources/S_WindDirectional.uasset" 384
"../../../Engine/Content/EditorResources/S_WindDirectional.uexp" 385
"../../../Engine/Content/EditorResources/AI/S_NavLink.uasset" 386
"../../../Engine/Content/EditorResources/AI/S_NavLink.uexp" 387
"../../../Engine/Content/EditorResources/AudioIcons/S_AudioComponent_AutoActivate.uasset" 388
"../../../Engine/Content/EditorResources/AudioIcons/S_AudioComponent_AutoActivate.uexp" 389
"../../../Engine/Content/EditorResources/LightIcons/SkyLight.uasset" 390
"../../../Engine/Content/EditorResources/LightIcons/SkyLight.uexp" 391
"../../../Engine/Content/EditorResources/LightIcons/S_LightDirectional.uasset" 392
"../../../Engine/Content/EditorResources/LightIcons/S_LightDirectional.uexp" 393
"../../../Engine/Content/EditorResources/LightIcons/S_LightDirectionalMove.uasset" 394
"../../../Engine/Content/EditorResources/LightIcons/S_LightDirectionalMove.uexp" 395
"../../../Engine/Content/EditorResources/LightIcons/S_LightError.uasset" 396
"../../../Engine/Content/EditorResources/LightIcons/S_LightError.uexp" 397
"../../../Engine/Content/EditorResources/LightIcons/S_LightPoint.uasset" 398
"../../../Engine/Content/EditorResources/LightIcons/S_LightPoint.uexp" 399
"../../../Engine/Content/EditorResources/LightIcons/S_LightPointMove.uasset" 400
"../../../Engine/Content/EditorResources/LightIcons/S_LightPointMove.uexp" 401
"../../../Engine/Content/EditorResources/LightIcons/S_LightRect.uasset" 402
"../../../Engine/Content/EditorResources/LightIcons/S_LightRect.uexp" 403
"../../../Engine/Content/EditorResources/LightIcons/S_LightSpot.uasset" 404
"../../../Engine/Content/EditorResources/LightIcons/S_LightSpot.uexp" 405
"../../../Engine/Content/EditorResources/LightIcons/S_LightSpotMove.uasset" 406
"../../../Engine/Content/EditorResources/LightIcons/S_LightSpotMove.uexp" 407
"../../../Engine/Content/EditorResources/SequenceRecorder/Countdown.uasset" 408
"../../../Engine/Content/EditorResources/SequenceRecorder/Countdown.uexp" 409
"../../../Engine/Content/EditorResources/SequenceRecorder/RecordingIndicator.uasset" 410
"../../../Engine/Content/EditorResources/SequenceRecorder/RecordingIndicator.uexp" 411
"../../../Engine/Content/EditorSounds/Notifications/CompileSuccess.uasset" 412
"../../../Engine/Content/EditorSounds/Notifications/CompileSuccess.uexp" 413
"../../../Engine/Content/EditorSounds/Notifications/CompileSuccess.ubulk" 414
"../../../Engine/Content/EditorSounds/Notifications/CompileStart_Cue.uasset" 415
"../../../Engine/Content/EditorSounds/Notifications/CompileStart_Cue.uexp" 416
"../../../Engine/Content/EditorSounds/Notifications/CompileSuccess_Cue.uasset" 417
"../../../Engine/Content/EditorSounds/Notifications/CompileSuccess_Cue.uexp" 418
"../../../Engine/Content/EngineDamageTypes/DmgTypeBP_Environmental.uasset" 419
"../../../Engine/Content/EngineDamageTypes/DmgTypeBP_Environmental.uexp" 420
"../../../Engine/Content/EngineDebugMaterials/HeatmapGradient.uasset" 421
"../../../Engine/Content/EngineDebugMaterials/HeatmapGradient.uexp" 422
"../../../Engine/Content/EngineDebugMaterials/HeatmapGradient.ubulk" 423
"../../../Engine/Content/EngineDebugMaterials/BoneWeightMaterial.uasset" 424
"../../../Engine/Content/EngineDebugMaterials/BoneWeightMaterial.uexp" 425
"../../../Engine/Content/EngineDebugMaterials/ClothMaterial.uasset" 426
"../../../Engine/Content/EngineDebugMaterials/ClothMaterial.uexp" 427
"../../../Engine/Content/EngineDebugMaterials/ClothMaterial_WF.uasset" 428
"../../../Engine/Content/EngineDebugMaterials/ClothMaterial_WF.uexp" 429
"../../../Engine/Content/EngineDebugMaterials/DebugEditorMaterial.uasset" 430
"../../../Engine/Content/EngineDebugMaterials/DebugEditorMaterial.uexp" 431
"../../../Engine/Content/EngineDebugMaterials/DebugMeshMaterial.uasset" 432
"../../../Engine/Content/EngineDebugMaterials/DebugMeshMaterial.uexp" 433
"../../../Engine/Content/EngineDebugMaterials/GeomMaterial.uasset" 434
"../../../Engine/Content/EngineDebugMaterials/GeomMaterial.uexp" 435
"../../../Engine/Content/Functions/Engine_MaterialFunctions01/Shading/ConvertFromDiffSpec.uasset" 436
"../../../Engine/Content/Functions/Engine_MaterialFunctions01/Shading/ConvertFromDiffSpec.uexp" 437
"../../../Engine/Content/EngineDebugMaterials/LevelColorationLitMaterial.uasset" 438
"../../../Engine/Content/EngineDebugMaterials/LevelColorationLitMaterial.uexp" 439
"../../../Engine/Content/EngineDebugMaterials/LevelColorationUnlitMaterial.uasset" 440
"../../../Engine/Content/EngineDebugMaterials/LevelColorationUnlitMaterial.uexp" 441
"../../../Engine/Content/EngineMaterials/DefaultWhiteGrid.uasset" 442
"../../../Engine/Content/EngineMaterials/DefaultWhiteGrid.uexp" 443
"../../../Engine/Content/EngineMaterials/DefaultWhiteGrid.ubulk" 444
"../../../Engine/Content/EngineDebugMaterials/MAT_LevelColorationLitLightmapUV.uasset" 445
"../../../Engine/Content/EngineDebugMaterials/MAT_LevelColorationLitLightmapUV.uexp" 446
"../../../Engine/Content/EngineDebugMaterials/M_SimpleUnlitTranslucent.uasset" 447
"../../../Engine/Content/EngineDebugMaterials/M_SimpleUnlitTranslucent.uexp" 448
"../../../Engine/Content/Functions/Engine_MaterialFunctions02/Utility/CameraDirectionVector.uasset" 449
"../../../Engine/Content/Functions/Engine_MaterialFunctions02/Utility/CameraDirectionVector.uexp" 450
"../../../Engine/Content/EngineDebugMaterials/VolumeToRender.uasset" 451
"../../../Engine/Content/EngineDebugMaterials/VolumeToRender.uexp" 452
"../../../Engine/Content/EngineDebugMaterials/M_VolumeRenderSphereTracePP.uasset" 453
"../../../Engine/Content/EngineDebugMaterials/M_VolumeRenderSphereTracePP.uexp" 454
"../../../Engine/Content/EngineMaterials/DefaultWhiteGrid_Low.uasset" 455
"../../../Engine/Content/EngineMaterials/DefaultWhiteGrid_Low.uexp" 456
"../../../Engine/Content/EngineDebugMaterials/PhysicalMaterialMaskMaterial.uasset" 457
"../../../Engine/Content/EngineDebugMaterials/PhysicalMaterialMaskMaterial.uexp" 458
"../../../Engine/Content/EngineDebugMaterials/ShadedLevelColorationLitMaterial.uasset" 459
"../../../Engine/Content/EngineDebugMaterials/ShadedLevelColorationLitMaterial.uexp" 460
"../../../Engine/Content/EngineDebugMaterials/ShadedLevelColorationUnlitMateri.uasset" 461
"../../../Engine/Content/EngineDebugMaterials/ShadedLevelColorationUnlitMateri.uexp" 462
"../../../Engine/Content/EngineDebugMaterials/VertexColorMaterial.uasset" 463
"../../../Engine/Content/EngineDebugMaterials/VertexColorMaterial.uexp" 464
"../../../Engine/Content/EngineDebugMaterials/VertexColorViewMode_AlphaAsColor.uasset" 465
"../../../Engine/Content/EngineDebugMaterials/VertexColorViewMode_AlphaAsColor.uexp" 466
"../../../Engine/Content/EngineDebugMaterials/VertexColorViewMode_BlueOnly.uasset" 467
"../../../Engine/Content/EngineDebugMaterials/VertexColorViewMode_BlueOnly.uexp" 468
"../../../Engine/Content/EngineDebugMaterials/VertexColorViewMode_ColorOnly.uasset" 469
"../../../Engine/Content/EngineDebugMaterials/VertexColorViewMode_ColorOnly.uexp" 470
"../../../Engine/Content/EngineDebugMaterials/VertexColorViewMode_GreenOnly.uasset" 471
"../../../Engine/Content/EngineDebugMaterials/VertexColorViewMode_GreenOnly.uexp" 472
"../../../Engine/Content/EngineDebugMaterials/VertexColorViewMode_RedOnly.uasset" 473
"../../../Engine/Content/EngineDebugMaterials/VertexColorViewMode_RedOnly.uexp" 474
"../../../Engine/Content/EngineDebugMaterials/WireframeMaterial.uasset" 475
"../../../Engine/Content/EngineDebugMaterials/WireframeMaterial.uexp" 476
"../../../Engine/Content/EngineFonts/Faces/RobotoLight.uasset" 477
"../../../Engine/Content/EngineFonts/Faces/RobotoLight.uexp" 478
"../../../Engine/Content/EngineFonts/Faces/RobotoLight.ufont" 479
"../../../Engine/Content/EngineFonts/Faces/DroidSansFallback.uasset" 480
"../../../Engine/Content/EngineFonts/Faces/DroidSansFallback.uexp" 481
"../../../Engine/Content/EngineFonts/Faces/DroidSansFallback.ufont" 482
"../../../Engine/Content/EngineFonts/Faces/RobotoBold.uasset" 483
"../../../Engine/Content/EngineFonts/Faces/RobotoBold.uexp" 484
"../../../Engine/Content/EngineFonts/Faces/RobotoBold.ufont" 485
"../../../Engine/Content/EngineFonts/Faces/RobotoBoldItalic.uasset" 486
"../../../Engine/Content/EngineFonts/Faces/RobotoBoldItalic.uexp" 487
"../../../Engine/Content/EngineFonts/Faces/RobotoBoldItalic.ufont" 488
"../../../Engine/Content/EngineFonts/Faces/RobotoItalic.uasset" 489
"../../../Engine/Content/EngineFonts/Faces/RobotoItalic.uexp" 490
"../../../Engine/Content/EngineFonts/Faces/RobotoItalic.ufont" 491
"../../../Engine/Content/EngineFonts/Faces/RobotoRegular.uasset" 492
"../../../Engine/Content/EngineFonts/Faces/RobotoRegular.uexp" 493
"../../../Engine/Content/EngineFonts/Faces/RobotoRegular.ufont" 494
"../../../Engine/Content/EngineFonts/Roboto.uasset" 495
"../../../Engine/Content/EngineFonts/Roboto.uexp" 496
"../../../Engine/Content/EngineFonts/Faces/RobotoTiny.uasset" 497
"../../../Engine/Content/EngineFonts/Faces/RobotoTiny.uexp" 498
"../../../Engine/Content/EngineFonts/Faces/RobotoTiny.ufont" 499
"../../../Engine/Content/EngineFonts/RobotoTiny.uasset" 500
"../../../Engine/Content/EngineFonts/RobotoTiny.uexp" 501
"../../../Engine/Content/EngineFonts/SmallFont.uasset" 502
"../../../Engine/Content/EngineFonts/SmallFont.uexp" 503
"../../../Engine/Content/EngineFonts/TinyFont.uasset" 504
"../../../Engine/Content/EngineFonts/TinyFont.uexp" 505
"../../../Engine/Content/EngineMaterials/BaseFlattenDiffuseMap.uasset" 506
"../../../Engine/Content/EngineMaterials/BaseFlattenDiffuseMap.uexp" 507
"../../../Engine/Content/EngineMaterials/BaseFlattenEmissiveMap.uasset" 508
"../../../Engine/Content/EngineMaterials/BaseFlattenEmissiveMap.uexp" 509
"../../../Engine/Content/EngineMaterials/BaseFlattenGrayscaleMap.uasset" 510
"../../../Engine/Content/EngineMaterials/BaseFlattenGrayscaleMap.uexp" 511
"../../../Engine/Content/EngineMaterials/BaseFlattenNormalMap.uasset" 512
"../../../Engine/Content/EngineMaterials/BaseFlattenNormalMap.uexp" 513
"../../../Engine/Content/EngineMaterials/BaseFlattenMaterial.uasset" 514
"../../../Engine/Content/EngineMaterials/BaseFlattenMaterial.uexp" 515
"../../../Engine/Content/EngineMaterials/BaseFlattenNormalMap_VT.uasset" 516
"../../../Engine/Content/EngineMaterials/BaseFlattenNormalMap_VT.uexp" 517
"../../../Engine/Content/EngineMaterials/BaseFlattenDiffuseMap_VT.uasset" 518
"../../../Engine/Content/EngineMaterials/BaseFlattenDiffuseMap_VT.uexp" 519
"../../../Engine/Content/EngineMaterials/BaseFlattenEmissiveMap_VT.uasset" 520
"../../../Engine/Content/EngineMaterials/BaseFlattenEmissiveMap_VT.uexp" 521
"../../../Engine/Content/EngineMaterials/BaseFlattenGrayscaleMap_VT.uasset" 522
"../../../Engine/Content/EngineMaterials/BaseFlattenGrayscaleMap_VT.uexp" 523
"../../../Engine/Content/EngineMaterials/BaseFlattenMaterial_VT.uasset" 524
"../../../Engine/Content/EngineMaterials/BaseFlattenMaterial_VT.uexp" 525
"../../../Engine/Content/EngineResources/WhiteSquareTexture.uasset" 526
"../../../Engine/Content/EngineResources/WhiteSquareTexture.uexp" 527
"../../../Engine/Content/EngineMaterials/BlinkingCaret.uasset" 528
"../../../Engine/Content/EngineMaterials/BlinkingCaret.uexp" 529
"../../../Engine/Content/EngineMaterials/BlueNoise.uasset" 530
"../../../Engine/Content/EngineMaterials/BlueNoise.uexp" 531
"../../../Engine/Content/EngineMaterials/DefaultBloomKernel.uasset" 532
"../../../Engine/Content/EngineMaterials/DefaultBloomKernel.uexp" 533
"../../../Engine/Content/EngineMaterials/DefaultBokeh.uasset" 534
"../../../Engine/Content/EngineMaterials/DefaultBokeh.uexp" 535
"../../../Engine/Content/EngineMaterials/DefaultDeferredDecalMaterial.uasset" 536
"../../../Engine/Content/EngineMaterials/DefaultDeferredDecalMaterial.uexp" 537
"../../../Engine/Content/EngineMaterials/DefaultLightFunctionMaterial.uasset" 538
"../../../Engine/Content/EngineMaterials/DefaultLightFunctionMaterial.uexp" 539
"../../../Engine/Content/EngineMaterials/DefaultNormal.uasset" 540
"../../../Engine/Content/EngineMaterials/DefaultNormal.uexp" 541
"../../../Engine/Content/EngineMaterials/DefaultNormal.ubulk" 542
"../../../Engine/Content/EngineMaterials/DefaultPostProcessMaterial.uasset" 543
"../../../Engine/Content/EngineMaterials/DefaultPostProcessMaterial.uexp" 544
"../../../Engine/Content/EngineFonts/RobotoDistanceField.uasset" 545
"../../../Engine/Content/EngineFonts/RobotoDistanceField.uexp" 546
"../../../Engine/Content/EngineMaterials/DefaultTextMaterialOpaque.uasset" 547
"../../../Engine/Content/EngineMaterials/DefaultTextMaterialOpaque.uexp" 548
"../../../Engine/Content/EngineMaterials/EditorBrushMaterial.uasset" 549
"../../../Engine/Content/EngineMaterials/EditorBrushMaterial.uexp" 550
"../../../Engine/Content/EngineMaterials/EmissiveMeshMaterial.uasset" 551
"../../../Engine/Content/EngineMaterials/EmissiveMeshMaterial.uexp" 552
"../../../Engine/Content/EngineMaterials/GizmoMaterial.uasset" 553
"../../../Engine/Content/EngineMaterials/GizmoMaterial.uexp" 554
"../../../Engine/Content/EngineMaterials/Grid.uasset" 555
"../../../Engine/Content/EngineMaterials/Grid.uexp" 556
"../../../Engine/Content/EngineMaterials/Grid.ubulk" 557
"../../../Engine/Content/EngineMaterials/Grid_N.uasset" 558
"../../../Engine/Content/EngineMaterials/Grid_N.uexp" 559
"../../../Engine/Content/EngineMaterials/Grid_N.ubulk" 560
"../../../Engine/Content/EngineMaterials/HighResolutionScreenshotMaskFunction.uasset" 561
"../../../Engine/Content/EngineMaterials/HighResolutionScreenshotMaskFunction.uexp" 562
"../../../Engine/Content/EngineMaterials/HighResScreenshot.uasset" 563
"../../../Engine/Content/EngineMaterials/HighResScreenshot.uexp" 564
"../../../Engine/Content/EngineMaterials/HighResScreenshotCaptureRegion.uasset" 565
"../../../Engine/Content/EngineMaterials/HighResScreenshotCaptureRegion.uexp" 566
"../../../Engine/Content/EngineMaterials/HighResScreenshotMask.uasset" 567
"../../../Engine/Content/EngineMaterials/HighResScreenshotMask.uexp" 568
"../../../Engine/Content/EngineMaterials/LandscapeHolePhysicalMaterial.uasset" 569
"../../../Engine/Content/EngineMaterials/LandscapeHolePhysicalMaterial.uexp" 570
"../../../Engine/Content/EngineMaterials/InvalidLightmapSettings.uasset" 571
"../../../Engine/Content/EngineMaterials/InvalidLightmapSettings.uexp" 572
"../../../Engine/Content/EngineMaterials/InvalidLightmapSettings.ubulk" 573
"../../../Engine/Content/EngineMaterials/M_InvalidLightmapSettings.uasset" 574
"../../../Engine/Content/EngineMaterials/M_InvalidLightmapSettings.uexp" 575
"../../../Engine/Content/EngineMaterials/PaperDiffuse.uasset" 576
"../../../Engine/Content/EngineMaterials/PaperDiffuse.uexp" 577
"../../../Engine/Content/EngineMaterials/PaperNormal.uasset" 578
"../../../Engine/Content/EngineMaterials/PaperNormal.uexp" 579
"../../../Engine/Content/Functions/Engine_MaterialFunctions02/WorldPositionOffset/CameraOffset.uasset" 580
"../../../Engine/Content/Functions/Engine_MaterialFunctions02/WorldPositionOffset/CameraOffset.uexp" 581
"../../../Engine/Content/EngineMaterials/PhAT_JointLimitMaterial.uasset" 582
"../../../Engine/Content/EngineMaterials/PhAT_JointLimitMaterial.uexp" 583
"../../../Engine/Content/EngineMaterials/PhysMat_Rubber.uasset" 584
"../../../Engine/Content/EngineMaterials/PhysMat_Rubber.uexp" 585
"../../../Engine/Content/EngineMaterials/PreintegratedSkinBRDF.uasset" 586
"../../../Engine/Content/EngineMaterials/PreintegratedSkinBRDF.uexp" 587
"../../../Engine/Content/EngineMaterials/RemoveSurfaceMaterial.uasset" 588
"../../../Engine/Content/EngineMaterials/RemoveSurfaceMaterial.uexp" 589
"../../../Engine/Content/EngineMaterials/WeightMapPlaceholderTexture.uasset" 590
"../../../Engine/Content/EngineMaterials/WeightMapPlaceholderTexture.uexp" 591
"../../../Engine/Content/Functions/Engine_MaterialFunctions01/ImageAdjustment/sRGBToLinear.uasset" 592
"../../../Engine/Content/Functions/Engine_MaterialFunctions01/ImageAdjustment/sRGBToLinear.uexp" 593
"../../../Engine/Content/EngineMaterials/Widget3DCameraPassThrough_Opaque_OneSided.uasset" 594
"../../../Engine/Content/EngineMaterials/Widget3DCameraPassThrough_Opaque_OneSided.uexp" 595
"../../../Engine/Content/EngineMaterials/Widget3DPassThrough.uasset" 596
"../../../Engine/Content/EngineMaterials/Widget3DPassThrough.uexp" 597
"../../../Engine/Content/EngineMaterials/Widget3DPassThrough_Masked.uasset" 598
"../../../Engine/Content/EngineMaterials/Widget3DPassThrough_Masked.uexp" 599
"../../../Engine/Content/EngineMaterials/Widget3DPassThrough_Opaque.uasset" 600
"../../../Engine/Content/EngineMaterials/Widget3DPassThrough_Opaque.uexp" 601
"../../../Engine/Content/EngineMaterials/Widget3DPassThrough_Masked_OneSided.uasset" 602
"../../../Engine/Content/EngineMaterials/Widget3DPassThrough_Masked_OneSided.uexp" 603
"../../../Engine/Content/EngineMaterials/Widget3DPassThrough_Opaque_OneSided.uasset" 604
"../../../Engine/Content/EngineMaterials/Widget3DPassThrough_Opaque_OneSided.uexp" 605
"../../../Engine/Content/EngineMaterials/Widget3DPassThrough_Translucent.uasset" 606
"../../../Engine/Content/EngineMaterials/Widget3DPassThrough_Translucent.uexp" 607
"../../../Engine/Content/EngineMaterials/Widget3DPassThrough_Translucent_OneSided.uasset" 608
"../../../Engine/Content/EngineMaterials/Widget3DPassThrough_Translucent_OneSided.uexp" 609
"../../../Engine/Content/EngineMeshes/Sphere.uasset" 610
"../../../Engine/Content/EngineMeshes/Sphere.uexp" 611
"../../../Engine/Content/EngineMeshes/Sphere.ubulk" 612
"../../../Engine/Content/EngineResources/Black.uasset" 613
"../../../Engine/Content/EngineResources/Black.uexp" 614
"../../../Engine/Content/EngineResources/DefaultTextureCube.uasset" 615
"../../../Engine/Content/EngineResources/DefaultTextureCube.uexp" 616
"../../../Engine/Content/EngineResources/DefaultVolumeTexture2D.uasset" 617
"../../../Engine/Content/EngineResources/DefaultVolumeTexture2D.uexp" 618
"../../../Engine/Content/EngineResources/DefaultVolumeTexture.uasset" 619
"../../../Engine/Content/EngineResources/DefaultVolumeTexture.uexp" 620
"../../../Engine/Content/EngineResources/GradientTexture0.uasset" 621
"../../../Engine/Content/EngineResources/GradientTexture0.uexp" 622
"../../../Engine/Content/EngineResources/StreamingPauseIcon.uasset" 623
"../../../Engine/Content/EngineResources/StreamingPauseIcon.uexp" 624
"../../../Engine/Content/EngineResources/M_StreamingPause.uasset" 625
"../../../Engine/Content/EngineResources/M_StreamingPause.uexp" 626
"../../../Engine/Content/EngineSky/VolumetricClouds/CloudGradientTexture.uasset" 627
"../../../Engine/Content/EngineSky/VolumetricClouds/CloudGradientTexture.uexp" 628
"../../../Engine/Content/EngineSky/VolumetricClouds/CloudWeatherTexture.uasset" 629
"../../../Engine/Content/EngineSky/VolumetricClouds/CloudWeatherTexture.uexp" 630
"../../../Engine/Content/EngineSky/VolumetricClouds/T_NoiseErosion.uasset" 631
"../../../Engine/Content/EngineSky/VolumetricClouds/T_NoiseErosion.uexp" 632
"../../../Engine/Content/EngineSky/VolumetricClouds/T_NoiseErosion.ubulk" 633
"../../../Engine/Content/EngineSky/VolumetricClouds/T_VolumeNoiseErosion32.uasset" 634
"../../../Engine/Content/EngineSky/VolumetricClouds/T_VolumeNoiseErosion32.uexp" 635
"../../../Engine/Content/EngineSky/VolumetricClouds/T_NoiseShape64.uasset" 636
"../../../Engine/Content/EngineSky/VolumetricClouds/T_NoiseShape64.uexp" 637
"../../../Engine/Content/EngineSky/VolumetricClouds/T_NoiseShape64.ubulk" 638
"../../../Engine/Content/EngineSky/VolumetricClouds/T_VolumeNoiseShape64.uasset" 639
"../../../Engine/Content/EngineSky/VolumetricClouds/T_VolumeNoiseShape64.uexp" 640
"../../../Engine/Content/EngineSky/VolumetricClouds/m_SimpleVolumetricCloud.uasset" 641
"../../../Engine/Content/EngineSky/VolumetricClouds/m_SimpleVolumetricCloud.uexp" 642
"../../../Engine/Content/EngineSky/VolumetricClouds/m_SimpleVolumetricCloud_Inst.uasset" 643
"../../../Engine/Content/EngineSky/VolumetricClouds/m_SimpleVolumetricCloud_Inst.uexp" 644
"../../../Engine/Content/EngineSounds/Master.uasset" 645
"../../../Engine/Content/EngineSounds/Master.uexp" 646
"../../../Engine/Content/Functions/Engine_MaterialFunctions01/Shading/PowerToRoughness.uasset" 647
"../../../Engine/Content/Functions/Engine_MaterialFunctions01/Shading/PowerToRoughness.uexp" 648
"../../../Engine/Content/Maps/Templates/Thumbnails/Default.uasset" 649
"../../../Engine/Content/Maps/Templates/Thumbnails/Default.uexp" 650
"../../../Engine/Content/Maps/Templates/Thumbnails/TimeOfDay.uasset" 651
"../../../Engine/Content/Maps/Templates/Thumbnails/TimeOfDay.uexp" 652
"../../../Engine/Content/Maps/Templates/Thumbnails/VR-Basic.uasset" 653
"../../../Engine/Content/Maps/Templates/Thumbnails/VR-Basic.uexp" 654
"../../../Engine/Content/MapTemplates/Sky/DaylightAmbientCubemap.uasset" 655
"../../../Engine/Content/MapTemplates/Sky/DaylightAmbientCubemap.uexp" 656
"../../../Engine/Content/MobileResources/T_MobileControls_texture.uasset" 657
"../../../Engine/Content/MobileResources/T_MobileControls_texture.uexp" 658
"../../../Engine/Content/MobileResources/T_MobileMenu2.uasset" 659
"../../../Engine/Content/MobileResources/T_MobileMenu2.uexp" 660
"../../../Engine/Content/MobileResources/HUD/AnalogHat.uasset" 661
"../../../Engine/Content/MobileResources/HUD/AnalogHat.uexp" 662
"../../../Engine/Content/MobileResources/HUD/VirtualJoystick_Background.uasset" 663
"../../../Engine/Content/MobileResources/HUD/VirtualJoystick_Background.uexp" 664
"../../../Engine/Content/MobileResources/HUD/VirtualJoystick_Thumb.uasset" 665
"../../../Engine/Content/MobileResources/HUD/VirtualJoystick_Thumb.uexp" 666
"../../../Engine/Content/MobileResources/HUD/DefaultVirtualJoysticks.uasset" 667
"../../../Engine/Content/MobileResources/HUD/DefaultVirtualJoysticks.uexp" 668
"../../../Engine/Content/MobileResources/HUD/LeftVirtualJoystickOnly.uasset" 669
"../../../Engine/Content/MobileResources/HUD/LeftVirtualJoystickOnly.uexp" 670
"../../../Engine/Content/MobileResources/HUD/MobileHUDButton1_off.uasset" 671
"../../../Engine/Content/MobileResources/HUD/MobileHUDButton1_off.uexp" 672
"../../../Engine/Content/MobileResources/HUD/MobileHUDButton1_on.uasset" 673
"../../../Engine/Content/MobileResources/HUD/MobileHUDButton1_on.uexp" 674
"../../../Engine/Content/MobileResources/HUD/MobileHUDButton2_off.uasset" 675
"../../../Engine/Content/MobileResources/HUD/MobileHUDButton2_off.uexp" 676
"../../../Engine/Content/MobileResources/HUD/MobileHUDButton2_on.uasset" 677
"../../../Engine/Content/MobileResources/HUD/MobileHUDButton2_on.uexp" 678
"../../../Engine/Content/MobileResources/HUD/MobileHUDButton3.uasset" 679
"../../../Engine/Content/MobileResources/HUD/MobileHUDButton3.uexp" 680
"../../../Engine/Content/MobileResources/HUD/MobileHUDButtonFire.uasset" 681
"../../../Engine/Content/MobileResources/HUD/MobileHUDButtonFire.uexp" 682
"../../../Engine/Content/MobileResources/HUD/MobileHUDDirectionPad.uasset" 683
"../../../Engine/Content/MobileResources/HUD/MobileHUDDirectionPad.uexp" 684
"../../../Engine/Content/MobileResources/HUD/MobileHUDDirectionPad2.uasset" 685
"../../../Engine/Content/MobileResources/HUD/MobileHUDDirectionPad2.uexp" 686
"../../../Engine/Content/MobileResources/HUD/MobileHUDDirectionPad3.uasset" 687
"../../../Engine/Content/MobileResources/HUD/MobileHUDDirectionPad3.uexp" 688
"../../../Engine/Content/MobileResources/HUD/MobileHUDDirectionStick.uasset" 689
"../../../Engine/Content/MobileResources/HUD/MobileHUDDirectionStick.uexp" 690
"../../../Engine/Content/MobileResources/HUD/T_Castle_ThumbstickInner.uasset" 691
"../../../Engine/Content/MobileResources/HUD/T_Castle_ThumbstickInner.uexp" 692
"../../../Engine/Content/MobileResources/HUD/T_Castle_ThumbstickOutter.uasset" 693
"../../../Engine/Content/MobileResources/HUD/T_Castle_ThumbstickOutter.uexp" 694
"../../../Engine/Content/Tutorial/ContentIntroCurve.uasset" 695
"../../../Engine/Content/Tutorial/ContentIntroCurve.uexp" 696
"../../../Engine/Content/VREditor/LaserPointer/VR_LaserPower_01.uasset" 697
"../../../Engine/Content/VREditor/LaserPointer/VR_LaserPower_01.uexp" 698
"../../../Engine/Content/VREditor/LaserPointer/VR_LaserPower_01.ubulk" 699
"../../../Engine/Content/VREditor/TransformGizmo/TransformGizmoMaterial.uasset" 700
"../../../Engine/Content/VREditor/TransformGizmo/TransformGizmoMaterial.uexp" 701
"../../../Engine/Content/VREditor/TransformGizmo/TranslucentTransformGizmoMaterial.uasset" 702
"../../../Engine/Content/VREditor/TransformGizmo/TranslucentTransformGizmoMaterial.uexp" 703
"../../../Engine/Content/VREditor/TransformGizmo/BoundingBoxCorner.uasset" 704
"../../../Engine/Content/VREditor/TransformGizmo/BoundingBoxCorner.uexp" 705
"../../../Engine/Content/VREditor/TransformGizmo/BoundingBoxCorner.ubulk" 706
"../../../Engine/Content/VREditor/TransformGizmo/BoundingBoxEdge.uasset" 707
"../../../Engine/Content/VREditor/TransformGizmo/BoundingBoxEdge.uexp" 708
"../../../Engine/Content/VREditor/TransformGizmo/BoundingBoxEdge.ubulk" 709
"../../../Engine/Content/VREditor/TransformGizmo/PlaneTranslationHandle.uasset" 710
"../../../Engine/Content/VREditor/TransformGizmo/PlaneTranslationHandle.uexp" 711
"../../../Engine/Content/VREditor/TransformGizmo/PlaneTranslationHandle.ubulk" 712
"../../../Engine/Content/VREditor/TransformGizmo/Xray.uasset" 713
"../../../Engine/Content/VREditor/TransformGizmo/Xray.uexp" 714
"../../../Engine/Content/VREditor/TransformGizmo/Main.uasset" 715
"../../../Engine/Content/VREditor/TransformGizmo/Main.uexp" 716
"../../../Engine/Content/VREditor/TransformGizmo/SM_Sequencer_Key.uasset" 717
"../../../Engine/Content/VREditor/TransformGizmo/SM_Sequencer_Key.uexp" 718
"../../../Engine/Content/VREditor/TransformGizmo/SM_Sequencer_Key.ubulk" 719
"../../../Engine/Content/VREditor/TransformGizmo/SM_Sequencer_Node.uasset" 720
"../../../Engine/Content/VREditor/TransformGizmo/SM_Sequencer_Node.uexp" 721
"../../../Engine/Content/VREditor/TransformGizmo/SM_Sequencer_Node.ubulk" 722
"../../../Engine/Content/VREditor/Devices/Vive/VivePreControllerSpec.uasset" 723
"../../../Engine/Content/VREditor/Devices/Vive/VivePreControllerSpec.uexp" 724
"../../../Engine/Content/VREditor/Devices/Vive/VivePreControllerSpec.ubulk" 725
"../../../Engine/Content/VREditor/Devices/Vive/VivePreController_MasksB.uasset" 726
"../../../Engine/Content/VREditor/Devices/Vive/VivePreController_MasksB.uexp" 727
"../../../Engine/Content/VREditor/Devices/Vive/VivePreController_MasksB.ubulk" 728
"../../../Engine/Content/VREditor/Devices/Vive/T_VivePreController_EM.uasset" 729
"../../../Engine/Content/VREditor/Devices/Vive/T_VivePreController_EM.uexp" 730
"../../../Engine/Content/VREditor/Devices/Vive/VivePreControllerDiffuse.uasset" 731
"../../../Engine/Content/VREditor/Devices/Vive/VivePreControllerDiffuse.uexp" 732
"../../../Engine/Content/VREditor/Devices/Vive/VivePreControllerDiffuse.ubulk" 733
"../../../Engine/Content/VREditor/Devices/Vive/VivePreController_MasksA.uasset" 734
"../../../Engine/Content/VREditor/Devices/Vive/VivePreController_MasksA.uexp" 735
"../../../Engine/Content/VREditor/Devices/Vive/VivePreController_MasksA.ubulk" 736
"../../../Engine/Content/VREditor/Devices/Vive/VivePreControllerMaterial.uasset" 737
"../../../Engine/Content/VREditor/Devices/Vive/VivePreControllerMaterial.uexp" 738
"../../../Engine/Content/VREditor/Devices/Vive/VivePreControllerMaterial_Inst.uasset" 739
"../../../Engine/Content/VREditor/Devices/Vive/VivePreControllerMaterial_Inst.uexp" 740
"../../../Engine/Content/VREditor/Devices/Vive/VivePreControllerMesh.uasset" 741
"../../../Engine/Content/VREditor/Devices/Vive/VivePreControllerMesh.uexp" 742
"../../../Engine/Content/VREditor/Devices/Vive/VivePreControllerMesh.ubulk" 743
"../../../Engine/Content/EditorBlueprintResources/StandardMacros.uasset" 744
"../../../Engine/Content/EditorBlueprintResources/StandardMacros.uexp" 745
"../../../Engine/Content/BasicShapes/Sphere.uasset" 746
"../../../Engine/Content/BasicShapes/Sphere.uexp" 747
"../../../Engine/Content/BasicShapes/Sphere.ubulk" 748
"F:/Users/Michael Cawood/Documents/Unreal Projects/VR_Test/Content/VRTemplate/Materials/M_VRCursor.uasset" 749
"F:/Users/Michael Cawood/Documents/Unreal Projects/VR_Test/Content/VRTemplate/Materials/M_VRCursor.uexp" 750
"F:/Users/Michael Cawood/Documents/Unreal Projects/VR_Test/Content/VRTemplate/Blueprints/WidgetMenu.uasset" 751
"F:/Users/Michael Cawood/Documents/Unreal Projects/VR_Test/Content/VRTemplate/Blueprints/WidgetMenu.uexp" 752
"F:/Users/Michael Cawood/Documents/Unreal Projects/VR_Test/Content/VRTemplate/Blueprints/Menu.uasset" 753
"F:/Users/Michael Cawood/Documents/Unreal Projects/VR_Test/Content/VRTemplate/Blueprints/Menu.uexp" 754
"../../../Engine/Content/BasicShapes/Cylinder.uasset" 755
"../../../Engine/Content/BasicShapes/Cylinder.uexp" 756
"../../../Engine/Content/BasicShapes/Cylinder.ubulk" 757
"../../../Engine/Content/EngineMaterials/Good64x64TilingNoiseHighFreq.uasset" 758
"../../../Engine/Content/EngineMaterials/Good64x64TilingNoiseHighFreq.uexp" 759
"../../../Engine/Content/Functions/Engine_MaterialFunctions02/Utility/DepthFromWorldPosition.uasset" 760
"../../../Engine/Content/Functions/Engine_MaterialFunctions02/Utility/DepthFromWorldPosition.uexp" 761
"F:/Users/Michael Cawood/Documents/Unreal Projects/VR_Test/Content/VRTemplate/Materials/Functions/MF_OccludedPixels.uasset" 762
"F:/Users/Michael Cawood/Documents/Unreal Projects/VR_Test/Content/VRTemplate/Materials/Functions/MF_OccludedPixels.uexp" 763
"F:/Users/Michael Cawood/Documents/Unreal Projects/VR_Test/Content/VRTemplate/Materials/TeleportMCP.uasset" 764
"F:/Users/Michael Cawood/Documents/Unreal Projects/VR_Test/Content/VRTemplate/Materials/TeleportMCP.uexp" 765
"F:/Users/Michael Cawood/Documents/Unreal Projects/VR_Test/Content/VRTemplate/Materials/M_TeleportPreviews.uasset" 766
"F:/Users/Michael Cawood/Documents/Unreal Projects/VR_Test/Content/VRTemplate/Materials/M_TeleportPreviews.uexp" 767
"F:/Users/Michael Cawood/Documents/Unreal Projects/VR_Test/Content/VRTemplate/Materials/MI_TeleportCylinderPreview.uasset" 768
"F:/Users/Michael Cawood/Documents/Unreal Projects/VR_Test/Content/VRTemplate/Materials/MI_TeleportCylinderPreview.uexp" 769
"F:/Users/Michael Cawood/Documents/Unreal Projects/VR_Test/Content/VRTemplate/Meshes/SM_TeleportRing.uasset" 770
"F:/Users/Michael Cawood/Documents/Unreal Projects/VR_Test/Content/VRTemplate/Meshes/SM_TeleportRing.uexp" 771
"F:/Users/Michael Cawood/Documents/Unreal Projects/VR_Test/Content/VRTemplate/Meshes/SM_TeleportRing.ubulk" 772
"F:/Users/Michael Cawood/Documents/Unreal Projects/VR_Test/Content/VRTemplate/Blueprints/VRTeleportVisualizer.uasset" 773
"F:/Users/Michael Cawood/Documents/Unreal Projects/VR_Test/Content/VRTemplate/Blueprints/VRTeleportVisualizer.uexp" 774
"../../../Engine/Plugins/FX/Niagara/Content/DynamicInputs/Helpers/SimulationPosition.uasset" 775
"../../../Engine/Plugins/FX/Niagara/Content/DynamicInputs/Helpers/SimulationPosition.uexp" 776
"../../../Engine/Plugins/FX/Niagara/Content/DynamicInputs/Multiply/Multiply_VectorByFloat.uasset" 777
"../../../Engine/Plugins/FX/Niagara/Content/DynamicInputs/Multiply/Multiply_VectorByFloat.uexp" 778
"../../../Engine/Plugins/FX/Niagara/Content/DynamicInputs/ValueFromCurve/ColorFromCurve.uasset" 779
"../../../Engine/Plugins/FX/Niagara/Content/DynamicInputs/ValueFromCurve/ColorFromCurve.uexp" 780
"../../../Engine/Plugins/FX/Niagara/Content/DynamicInputs/ValueFromCurve/FloatFromCurve.uasset" 781
"../../../Engine/Plugins/FX/Niagara/Content/DynamicInputs/ValueFromCurve/FloatFromCurve.uexp" 782
"../../../Engine/Plugins/FX/Niagara/Content/Functions/Localspace/SimulationPosition.uasset" 783
"../../../Engine/Plugins/FX/Niagara/Content/Functions/Localspace/SimulationPosition.uexp" 784
"../../../Engine/Plugins/FX/Niagara/Content/Enums/ENiagaraCoordinateSpace.uasset" 785
"../../../Engine/Plugins/FX/Niagara/Content/Enums/ENiagaraCoordinateSpace.uexp" 786
"../../../Engine/Plugins/FX/Niagara/Content/Functions/Localspace/TransformBase.uasset" 787
"../../../Engine/Plugins/FX/Niagara/Content/Functions/Localspace/TransformBase.uexp" 788
"../../../Engine/Plugins/FX/Niagara/Content/Functions/Localspace/TransformPosition.uasset" 789
"../../../Engine/Plugins/FX/Niagara/Content/Functions/Localspace/TransformPosition.uexp" 790
"../../../Engine/Plugins/FX/Niagara/Content/Functions/Localspace/TransformVector.uasset" 791
"../../../Engine/Plugins/FX/Niagara/Content/Functions/Localspace/TransformVector.uexp" 792
"../../../Engine/Plugins/FX/Niagara/Content/Functions/DirectionAndLengthSafe.uasset" 793
"../../../Engine/Plugins/FX/Niagara/Content/Functions/DirectionAndLengthSafe.uexp" 794
"../../../Engine/Plugins/FX/Niagara/Content/Modules/Beams/BeamEmitterSetup.uasset" 795
"../../../Engine/Plugins/FX/Niagara/Content/Modules/Beams/BeamEmitterSetup.uexp" 796
"../../../Engine/Plugins/FX/Niagara/Content/Modules/Beams/BeamWidth.uasset" 797
"../../../Engine/Plugins/FX/Niagara/Content/Modules/Beams/BeamWidth.uexp" 798
"../../../Engine/Plugins/FX/Niagara/Content/Functions/Spline/FindPositionOnBezierSpline.uasset" 799
"../../../Engine/Plugins/FX/Niagara/Content/Functions/Spline/FindPositionOnBezierSpline.uexp" 800
"../../../Engine/Plugins/FX/Niagara/Content/Functions/NormalizedExecutionIndex.uasset" 801
"../../../Engine/Plugins/FX/Niagara/Content/Functions/NormalizedExecutionIndex.uexp" 802
"../../../Engine/Plugins/FX/Niagara/Content/Modules/Beams/SpawnBeam.uasset" 803
"../../../Engine/Plugins/FX/Niagara/Content/Modules/Beams/SpawnBeam.uexp" 804
"../../../Engine/Plugins/FX/Niagara/Content/Functions/Emitter/EmitterChangeState.uasset" 805
"../../../Engine/Plugins/FX/Niagara/Content/Functions/Emitter/EmitterChangeState.uexp" 806
"../../../Engine/Plugins/FX/Niagara/Content/Enums/ENiagaraExecutionStateManagement.uasset" 807
"../../../Engine/Plugins/FX/Niagara/Content/Enums/ENiagaraExecutionStateManagement.uexp" 808
"../../../Engine/Plugins/FX/Niagara/Content/Enums/ENiagara_EmitterStateOptions.uasset" 809
"../../../Engine/Plugins/FX/Niagara/Content/Enums/ENiagara_EmitterStateOptions.uexp" 810
"../../../Engine/Plugins/FX/Niagara/Content/Enums/ENiagara_InfiniteLoopDuration.uasset" 811
"../../../Engine/Plugins/FX/Niagara/Content/Enums/ENiagara_InfiniteLoopDuration.uexp" 812
"../../../Engine/Plugins/FX/Niagara/Content/Enums/ENiagaraEmitterLifeCycleMode.uasset" 813
"../../../Engine/Plugins/FX/Niagara/Content/Enums/ENiagaraEmitterLifeCycleMode.uexp" 814
"../../../Engine/Plugins/FX/Niagara/Content/Enums/ENiagaraEmitterScalabilityMode_Limited.uasset" 815
"../../../Engine/Plugins/FX/Niagara/Content/Enums/ENiagaraEmitterScalabilityMode_Limited.uexp" 816
"../../../Engine/Plugins/FX/Niagara/Content/Enums/ENiagaraInactiveMode.uasset" 817
"../../../Engine/Plugins/FX/Niagara/Content/Enums/ENiagaraInactiveMode.uexp" 818
"../../../Engine/Plugins/FX/Niagara/Content/Modules/Emitter/EmitterState.uasset" 819
"../../../Engine/Plugins/FX/Niagara/Content/Modules/Emitter/EmitterState.uexp" 820
"../../../Engine/Plugins/FX/Niagara/Content/Enums/ENiagaraRandomnessEvaluation.uasset" 821
"../../../Engine/Plugins/FX/Niagara/Content/Enums/ENiagaraRandomnessEvaluation.uexp" 822
"../../../Engine/Plugins/FX/Niagara/Content/Enums/ENiagaraRandomnessMode.uasset" 823
"../../../Engine/Plugins/FX/Niagara/Content/Enums/ENiagaraRandomnessMode.uexp" 824
"../../../Engine/Plugins/FX/Niagara/Content/Functions/V2/CalculateRandomRangeFloat.uasset" 825
"../../../Engine/Plugins/FX/Niagara/Content/Functions/V2/CalculateRandomRangeFloat.uexp" 826
"../../../Engine/Plugins/FX/Niagara/Content/Modules/Emitter/SpawnBurst_Instantaneous.uasset" 827
"../../../Engine/Plugins/FX/Niagara/Content/Modules/Emitter/SpawnBurst_Instantaneous.uexp" 828
"../../../Engine/Plugins/FX/Niagara/Content/Modules/Solvers/SolveForcesAndVelocity.uasset" 829
"../../../Engine/Plugins/FX/Niagara/Content/Modules/Solvers/SolveForcesAndVelocity.uexp" 830
"../../../Engine/Plugins/FX/Niagara/Content/Functions/GetRandomInfo.uasset" 831
"../../../Engine/Plugins/FX/Niagara/Content/Functions/GetRandomInfo.uexp" 832
"../../../Engine/Plugins/FX/Niagara/Content/Functions/RandomRangeFloat.uasset" 833
"../../../Engine/Plugins/FX/Niagara/Content/Functions/RandomRangeFloat.uexp" 834
"../../../Engine/Plugins/FX/Niagara/Content/Modules/Spawn/Initialization/InitializeParticle.uasset" 835
"../../../Engine/Plugins/FX/Niagara/Content/Modules/Spawn/Initialization/InitializeParticle.uexp" 836
"../../../Engine/Plugins/FX/Niagara/Content/Functions/System/SystemChangeState.uasset" 837
"../../../Engine/Plugins/FX/Niagara/Content/Functions/System/SystemChangeState.uexp" 838
"../../../Engine/Plugins/FX/Niagara/Content/Enums/ENiagaraSystemInactiveMode.uasset" 839
"../../../Engine/Plugins/FX/Niagara/Content/Enums/ENiagaraSystemInactiveMode.uexp" 840
"../../../Engine/Plugins/FX/Niagara/Content/Modules/System/SystemState.uasset" 841
"../../../Engine/Plugins/FX/Niagara/Content/Modules/System/SystemState.uexp" 842
"F:/Users/Michael Cawood/Documents/Unreal Projects/VR_Test/Content/VRTemplate/Materials/DefaultRibbonMaterial_NoGradient.uasset" 843
"F:/Users/Michael Cawood/Documents/Unreal Projects/VR_Test/Content/VRTemplate/Materials/DefaultRibbonMaterial_NoGradient.uexp" 844
"../../../Engine/Plugins/FX/Niagara/Content/Modules/Update/Color/Color.uasset" 845
"../../../Engine/Plugins/FX/Niagara/Content/Modules/Update/Color/Color.uexp" 846
"../../../Engine/Plugins/FX/Niagara/Content/Modules/Update/Lifetime/ParticleState.uasset" 847
"../../../Engine/Plugins/FX/Niagara/Content/Modules/Update/Lifetime/ParticleState.uexp" 848
"F:/Users/Michael Cawood/Documents/Unreal Projects/VR_Test/Content/VRTemplate/VFX/NS_TeleportTrace.uasset" 849
"F:/Users/Michael Cawood/Documents/Unreal Projects/VR_Test/Content/VRTemplate/VFX/NS_TeleportTrace.uexp" 850
"F:/Users/Michael Cawood/Documents/Unreal Projects/VR_Test/Content/VRTemplate/Blueprints/VRInteractionBPI.uasset" 851
"F:/Users/Michael Cawood/Documents/Unreal Projects/VR_Test/Content/VRTemplate/Blueprints/VRInteractionBPI.uexp" 852
"F:/Users/Michael Cawood/Documents/Unreal Projects/VR_Test/Content/VRTemplate/Haptics/GrabHapticEffect.uasset" 853
"F:/Users/Michael Cawood/Documents/Unreal Projects/VR_Test/Content/VRTemplate/Haptics/GrabHapticEffect.uexp" 854
"F:/Users/Michael Cawood/Documents/Unreal Projects/VR_Test/Content/VRTemplate/Blueprints/GrabType.uasset" 855
"F:/Users/Michael Cawood/Documents/Unreal Projects/VR_Test/Content/VRTemplate/Blueprints/GrabType.uexp" 856
"F:/Users/Michael Cawood/Documents/Unreal Projects/VR_Test/Content/VRTemplate/Blueprints/GrabComponent.uasset" 857
"F:/Users/Michael Cawood/Documents/Unreal Projects/VR_Test/Content/VRTemplate/Blueprints/GrabComponent.uexp" 858
"F:/Users/Michael Cawood/Documents/Unreal Projects/VR_Test/Content/VRTemplate/Blueprints/VRPawn.uasset" 859
"F:/Users/Michael Cawood/Documents/Unreal Projects/VR_Test/Content/VRTemplate/Blueprints/VRPawn.uexp" 860
"F:/Users/Michael Cawood/Documents/Unreal Projects/VR_Test/Content/VRTemplate/Blueprints/VRGameMode.uasset" 861
"F:/Users/Michael Cawood/Documents/Unreal Projects/VR_Test/Content/VRTemplate/Blueprints/VRGameMode.uexp" 862
"../../../Engine/Plugins/2D/Paper2D/Content/PlaceholderTextures/DummySpriteTexture.uasset" 863
"../../../Engine/Plugins/2D/Paper2D/Content/PlaceholderTextures/DummySpriteTexture.uexp" 864
"../../../Engine/Plugins/2D/Paper2D/Content/PlaceholderTextures/DummySpriteTexture.ubulk" 865
"../../../Engine/Plugins/2D/Paper2D/Content/DummySprite.uasset" 866
"../../../Engine/Plugins/2D/Paper2D/Content/DummySprite.uexp" 867
"../../../Engine/Plugins/2D/Paper2D/Content/DefaultPaperTerrainMaterial.uasset" 868
"../../../Engine/Plugins/2D/Paper2D/Content/DefaultPaperTerrainMaterial.uexp" 869
"../../../Engine/Plugins/2D/Paper2D/Content/DefaultSpriteMaterial.uasset" 870
"../../../Engine/Plugins/2D/Paper2D/Content/DefaultSpriteMaterial.uexp" 871
"../../../Engine/Plugins/2D/Paper2D/Content/MaskedUnlitSpriteMaterial.uasset" 872
"../../../Engine/Plugins/2D/Paper2D/Content/MaskedUnlitSpriteMaterial.uexp" 873
"../../../Engine/Plugins/2D/Paper2D/Content/OpaqueUnlitSpriteMaterial.uasset" 874
"../../../Engine/Plugins/2D/Paper2D/Content/OpaqueUnlitSpriteMaterial.uexp" 875
"../../../Engine/Content/Functions/Engine_MaterialFunctions02/ObjectLocalBounds.uasset" 876
"../../../Engine/Content/Functions/Engine_MaterialFunctions02/ObjectLocalBounds.uexp" 877
"../../../Engine/Content/Functions/Engine_MaterialFunctions02/SafeNormalize.uasset" 878
"../../../Engine/Content/Functions/Engine_MaterialFunctions02/SafeNormalize.uexp" 879
"../../../Engine/Content/EngineResources/DefaultTexture.uasset" 880
"../../../Engine/Content/EngineResources/DefaultTexture.uexp" 881
"../../../Engine/Content/EngineResources/DefaultTexture.ubulk" 882
"../../../Engine/Plugins/Editor/SpeedTreeImporter/Content/SpeedTree9/game_wind_noise.uasset" 883
"../../../Engine/Plugins/Editor/SpeedTreeImporter/Content/SpeedTree9/game_wind_noise.uexp" 884
"../../../Engine/Plugins/Editor/SpeedTreeImporter/Content/SpeedTree9/game_wind_noise.ubulk" 885
"../../../Engine/Plugins/Editor/SpeedTreeImporter/Content/SpeedTree9/SpeedTreeBillboard.uasset" 886
"../../../Engine/Plugins/Editor/SpeedTreeImporter/Content/SpeedTree9/SpeedTreeBillboard.uexp" 887
"../../../Engine/Plugins/Editor/SpeedTreeImporter/Content/SpeedTree9/SpeedTreeWindMotion.uasset" 888
"../../../Engine/Plugins/Editor/SpeedTreeImporter/Content/SpeedTree9/SpeedTreeWindMotion.uexp" 889
"../../../Engine/Plugins/Editor/SpeedTreeImporter/Content/SpeedTree9/UnpackDirection.uasset" 890
"../../../Engine/Plugins/Editor/SpeedTreeImporter/Content/SpeedTree9/UnpackDirection.uexp" 891
"../../../Engine/Plugins/Editor/SpeedTreeImporter/Content/SpeedTree9/UnpackInteger3.uasset" 892
"../../../Engine/Plugins/Editor/SpeedTreeImporter/Content/SpeedTree9/UnpackInteger3.uexp" 893
"../../../Engine/Plugins/Editor/SpeedTreeImporter/Content/SpeedTree9/SpeedTreeBranchMotion.uasset" 894
"../../../Engine/Plugins/Editor/SpeedTreeImporter/Content/SpeedTree9/SpeedTreeBranchMotion.uexp" 895
"../../../Engine/Content/Functions/Engine_MaterialFunctions02/UVs/BoundingBoxBased_0-1_UVW.uasset" 896
"../../../Engine/Content/Functions/Engine_MaterialFunctions02/UVs/BoundingBoxBased_0-1_UVW.uexp" 897
"../../../Engine/Plugins/Editor/SpeedTreeImporter/Content/SpeedTree9/SpeedTreeWind.uasset" 898
"../../../Engine/Plugins/Editor/SpeedTreeImporter/Content/SpeedTree9/SpeedTreeWind.uexp" 899
"../../../Engine/Plugins/Editor/SpeedTreeImporter/Content/SpeedTree9/SpeedTreeBillboardMaster.uasset" 900
"../../../Engine/Plugins/Editor/SpeedTreeImporter/Content/SpeedTree9/SpeedTreeBillboardMaster.uexp" 901
"../../../Engine/Plugins/Editor/SpeedTreeImporter/Content/SpeedTree9/SpeedTreeCameraFacing.uasset" 902
"../../../Engine/Plugins/Editor/SpeedTreeImporter/Content/SpeedTree9/SpeedTreeCameraFacing.uexp" 903
"../../../Engine/Plugins/Editor/SpeedTreeImporter/Content/SpeedTree9/SpeedTreeMaster.uasset" 904
"../../../Engine/Plugins/Editor/SpeedTreeImporter/Content/SpeedTree9/SpeedTreeMaster.uexp" 905
"../../../Engine/Plugins/FX/Niagara/Content/Enums/ENiagaraOrientationAxis.uasset" 906
"../../../Engine/Plugins/FX/Niagara/Content/Enums/ENiagaraOrientationAxis.uexp" 907
"../../../Engine/Plugins/FX/Niagara/Content/Icons/S_ParticleSystem.uasset" 908
"../../../Engine/Plugins/FX/Niagara/Content/Icons/S_ParticleSystem.uexp" 909
"../../../Engine/Plugins/FX/Niagara/Content/Icons/S_ParticleSystem.ubulk" 910
"../../../Engine/Content/ArtTools/RenderToTexture/Materials/Debug/M_Emissive_Color.uasset" 911
"../../../Engine/Content/ArtTools/RenderToTexture/Materials/Debug/M_Emissive_Color.uexp" 912
"../../../Engine/Plugins/Lumin/MagicLeapPassableWorld/Content/MagicLeapARPinInfoActor.uasset" 913
"../../../Engine/Plugins/Lumin/MagicLeapPassableWorld/Content/MagicLeapARPinInfoActor.uexp" 914
"../../../Engine/Plugins/Runtime/HairStrands/Content/Materials/HairCardsDefaultMaterial.uasset" 915
"../../../Engine/Plugins/Runtime/HairStrands/Content/Materials/HairCardsDefaultMaterial.uexp" 916
"../../../Engine/Content/EngineMaterials/HairColorMap.uasset" 917
"../../../Engine/Content/EngineMaterials/HairColorMap.uexp" 918
"../../../Engine/Content/EngineMaterials/HairDebugColor.uasset" 919
"../../../Engine/Content/EngineMaterials/HairDebugColor.uexp" 920
"../../../Engine/Plugins/Runtime/HairStrands/Content/Materials/HairDebugMaterial.uasset" 921
"../../../Engine/Plugins/Runtime/HairStrands/Content/Materials/HairDebugMaterial.uexp" 922
"../../../Engine/Plugins/Runtime/HairStrands/Content/Materials/HairDefaultMaterial.uasset" 923
"../../../Engine/Plugins/Runtime/HairStrands/Content/Materials/HairDefaultMaterial.uexp" 924
"../../../Engine/Plugins/Runtime/HairStrands/Content/Materials/HairMeshesDefaultMaterial.uasset" 925
"../../../Engine/Plugins/Runtime/HairStrands/Content/Materials/HairMeshesDefaultMaterial.uexp" 926
"../../../Engine/Plugins/Runtime/ResonanceAudio/Content/ResonanceReverbDefault.uasset" 927
"../../../Engine/Plugins/Runtime/ResonanceAudio/Content/ResonanceReverbDefault.uexp" 928
"../../../Engine/Plugins/Runtime/ResonanceAudio/Content/ResonanceSubmixDefault.uasset" 929
"../../../Engine/Plugins/Runtime/ResonanceAudio/Content/ResonanceSubmixDefault.uexp" 930
"../../../Engine/Content/Maps/Entry_BuiltData.uasset" 931
"../../../Engine/Content/Maps/Entry_BuiltData.uexp" 932
"../../../Engine/Content/Maps/Entry.uexp" 933
"../../../Engine/Content/Maps/Entry.umap" 934
"../../../Engine/Content/BasicShapes/Cube.uasset" 935
"../../../Engine/Content/BasicShapes/Cube.uexp" 936
"../../../Engine/Content/BasicShapes/Cube.ubulk" 937
"../../../Engine/Content/BasicShapes/BasicShapeMaterial.uasset" 938
"../../../Engine/Content/BasicShapes/BasicShapeMaterial.uexp" 939
"F:/Users/Michael Cawood/Documents/Unreal Projects/VR_Test/Content/Geometry/Meshes/CubeMaterial.uasset" 940
"F:/Users/Michael Cawood/Documents/Unreal Projects/VR_Test/Content/Geometry/Meshes/CubeMaterial.uexp" 941
"F:/Users/Michael Cawood/Documents/Unreal Projects/VR_Test/Content/Geometry/Meshes/1M_Cube.uasset" 942
"F:/Users/Michael Cawood/Documents/Unreal Projects/VR_Test/Content/Geometry/Meshes/1M_Cube.uexp" 943
"F:/Users/Michael Cawood/Documents/Unreal Projects/VR_Test/Content/Geometry/Meshes/1M_Cube.ubulk" 944
"F:/Users/Michael Cawood/Documents/Unreal Projects/VR_Test/Content/Geometry/Meshes/1M_Cube_Chamfer.uasset" 945
"F:/Users/Michael Cawood/Documents/Unreal Projects/VR_Test/Content/Geometry/Meshes/1M_Cube_Chamfer.uexp" 946
"F:/Users/Michael Cawood/Documents/Unreal Projects/VR_Test/Content/Geometry/Meshes/1M_Cube_Chamfer.ubulk" 947
"F:/Users/Michael Cawood/Documents/Unreal Projects/VR_Test/Content/Geometry/Meshes/TemplateFloor.uasset" 948
"F:/Users/Michael Cawood/Documents/Unreal Projects/VR_Test/Content/Geometry/Meshes/TemplateFloor.uexp" 949
"F:/Users/Michael Cawood/Documents/Unreal Projects/VR_Test/Content/Geometry/Meshes/TemplateFloor.ubulk" 950
"../../../Engine/Content/EngineSky/T_Sky_Blue.uasset" 951
"../../../Engine/Content/EngineSky/T_Sky_Blue.uexp" 952
"../../../Engine/Content/EngineSky/T_Sky_Blue.ubulk" 953
"../../../Engine/Content/EngineSky/T_Sky_Clouds_M.uasset" 954
"../../../Engine/Content/EngineSky/T_Sky_Clouds_M.uexp" 955
"../../../Engine/Content/EngineSky/T_Sky_Clouds_M.ubulk" 956
"../../../Engine/Content/EngineSky/T_Sky_Stars.uasset" 957
"../../../Engine/Content/EngineSky/T_Sky_Stars.uexp" 958
"../../../Engine/Content/EngineSky/T_Sky_Stars.ubulk" 959
"../../../Engine/Content/EngineSky/M_Sky_Panning_Clouds2.uasset" 960
"../../../Engine/Content/EngineSky/M_Sky_Panning_Clouds2.uexp" 961
"../../../Engine/Content/EngineSky/SM_SkySphere.uasset" 962
"../../../Engine/Content/EngineSky/SM_SkySphere.uexp" 963
"../../../Engine/Content/EngineSky/SM_SkySphere.ubulk" 964
"../../../Engine/Content/EngineSky/C_Sky_Cloud_Color.uasset" 965
"../../../Engine/Content/EngineSky/C_Sky_Cloud_Color.uexp" 966
"../../../Engine/Content/EngineSky/C_Sky_Horizon_Color.uasset" 967
"../../../Engine/Content/EngineSky/C_Sky_Horizon_Color.uexp" 968
"../../../Engine/Content/EngineSky/C_Sky_Zenith_Color.uasset" 969
"../../../Engine/Content/EngineSky/C_Sky_Zenith_Color.uexp" 970
"../../../Engine/Content/EngineSky/BP_Sky_Sphere.uasset" 971
"../../../Engine/Content/EngineSky/BP_Sky_Sphere.uexp" 972
"../../../Engine/Content/VREditor/BasicMeshes/T_CleanFloorGrunge_01_D.uasset" 973
"../../../Engine/Content/VREditor/BasicMeshes/T_CleanFloorGrunge_01_D.uexp" 974
"../../../Engine/Content/VREditor/BasicMeshes/T_CleanFloorGrunge_01_D.ubulk" 975
"../../../Engine/Content/VREditor/BasicMeshes/M_Floor_01.uasset" 976
"../../../Engine/Content/VREditor/BasicMeshes/M_Floor_01.uexp" 977
"../../../Engine/Content/VREditor/BasicMeshes/MI_Ball_01.uasset" 978
"../../../Engine/Content/VREditor/BasicMeshes/MI_Ball_01.uexp" 979
"../../../Engine/Content/VREditor/BasicMeshes/SM_Ball_01.uasset" 980
"../../../Engine/Content/VREditor/BasicMeshes/SM_Ball_01.uexp" 981
"../../../Engine/Content/VREditor/BasicMeshes/SM_Ball_01.ubulk" 982
"F:/Users/Michael Cawood/Documents/Unreal Projects/VR_Test/Content/FPWeapon/Materials/MaterialLayers/T_ML_Rubber_Blue_01_D.uasset" 983
"F:/Users/Michael Cawood/Documents/Unreal Projects/VR_Test/Content/FPWeapon/Materials/MaterialLayers/T_ML_Rubber_Blue_01_D.uexp" 984
"F:/Users/Michael Cawood/Documents/Unreal Projects/VR_Test/Content/FPWeapon/Materials/MaterialLayers/T_ML_Rubber_Blue_01_D.ubulk" 985
"F:/Users/Michael Cawood/Documents/Unreal Projects/VR_Test/Content/FPWeapon/Materials/MaterialLayers/T_ML_Rubber_Blue_01_N.uasset" 986
"F:/Users/Michael Cawood/Documents/Unreal Projects/VR_Test/Content/FPWeapon/Materials/MaterialLayers/T_ML_Rubber_Blue_01_N.uexp" 987
"F:/Users/Michael Cawood/Documents/Unreal Projects/VR_Test/Content/FPWeapon/Materials/MaterialLayers/T_ML_Rubber_Blue_01_N.ubulk" 988
"F:/Users/Michael Cawood/Documents/Unreal Projects/VR_Test/Content/FPWeapon/Materials/MaterialLayers/ML_GlossyBlack_Latex_UE4.uasset" 989
"F:/Users/Michael Cawood/Documents/Unreal Projects/VR_Test/Content/FPWeapon/Materials/MaterialLayers/ML_GlossyBlack_Latex_UE4.uexp" 990
"F:/Users/Michael Cawood/Documents/Unreal Projects/VR_Test/Content/FPWeapon/Materials/MaterialLayers/ML_Plastic_Shiny_Beige.uasset" 991
"F:/Users/Michael Cawood/Documents/Unreal Projects/VR_Test/Content/FPWeapon/Materials/MaterialLayers/ML_Plastic_Shiny_Beige.uexp" 992
"F:/Users/Michael Cawood/Documents/Unreal Projects/VR_Test/Content/FPWeapon/Materials/MaterialLayers/ML_Screen.uasset" 993
"F:/Users/Michael Cawood/Documents/Unreal Projects/VR_Test/Content/FPWeapon/Materials/MaterialLayers/ML_Screen.uexp" 994
"F:/Users/Michael Cawood/Documents/Unreal Projects/VR_Test/Content/FPWeapon/Materials/MaterialLayers/T_ML_Aluminum01.uasset" 995
"F:/Users/Michael Cawood/Documents/Unreal Projects/VR_Test/Content/FPWeapon/Materials/MaterialLayers/T_ML_Aluminum01.uexp" 996
"F:/Users/Michael Cawood/Documents/Unreal Projects/VR_Test/Content/FPWeapon/Materials/MaterialLayers/T_ML_Aluminum01.ubulk" 997
"F:/Users/Michael Cawood/Documents/Unreal Projects/VR_Test/Content/FPWeapon/Materials/MaterialLayers/T_ML_Aluminum01_N.uasset" 998
"F:/Users/Michael Cawood/Documents/Unreal Projects/VR_Test/Content/FPWeapon/Materials/MaterialLayers/T_ML_Aluminum01_N.uexp" 999
"F:/Users/Michael Cawood/Documents/Unreal Projects/VR_Test/Content/FPWeapon/Materials/MaterialLayers/T_ML_Aluminum01_N.ubulk" 1000
"F:/Users/Michael Cawood/Documents/Unreal Projects/VR_Test/Content/FPWeapon/Materials/MaterialLayers/ML_SoftMetal_UE4.uasset" 1001
"F:/Users/Michael Cawood/Documents/Unreal Projects/VR_Test/Content/FPWeapon/Materials/MaterialLayers/ML_SoftMetal_UE4.uexp" 1002
"F:/Users/Michael Cawood/Documents/Unreal Projects/VR_Test/Content/FPWeapon/Textures/T_FPGun_M.uasset" 1003
"F:/Users/Michael Cawood/Documents/Unreal Projects/VR_Test/Content/FPWeapon/Textures/T_FPGun_M.uexp" 1004
"F:/Users/Michael Cawood/Documents/Unreal Projects/VR_Test/Content/FPWeapon/Textures/T_FPGun_M.ubulk" 1005
"F:/Users/Michael Cawood/Documents/Unreal Projects/VR_Test/Content/FPWeapon/Textures/T_FPGun_N.uasset" 1006
"F:/Users/Michael Cawood/Documents/Unreal Projects/VR_Test/Content/FPWeapon/Textures/T_FPGun_N.uexp" 1007
"F:/Users/Michael Cawood/Documents/Unreal Projects/VR_Test/Content/FPWeapon/Textures/T_FPGun_N.ubulk" 1008
"../../../Engine/Content/Functions/Engine_MaterialFunctions02/Utility/BlendAngleCorrectedNormals.uasset" 1009
"../../../Engine/Content/Functions/Engine_MaterialFunctions02/Utility/BlendAngleCorrectedNormals.uexp" 1010
"../../../Engine/Content/Functions/MaterialLayerFunctions/MatLayerBlend_NormalBlend.uasset" 1011
"../../../Engine/Content/Functions/MaterialLayerFunctions/MatLayerBlend_NormalBlend.uexp" 1012
"../../../Engine/Content/Functions/MaterialLayerFunctions/MatLayerBlend_Simple.uasset" 1013
"../../../Engine/Content/Functions/MaterialLayerFunctions/MatLayerBlend_Simple.uexp" 1014
"F:/Users/Michael Cawood/Documents/Unreal Projects/VR_Test/Content/FPWeapon/Materials/M_FPGun.uasset" 1015
"F:/Users/Michael Cawood/Documents/Unreal Projects/VR_Test/Content/FPWeapon/Materials/M_FPGun.uexp" 1016
"F:/Users/Michael Cawood/Documents/Unreal Projects/VR_Test/Content/FPWeapon/Mesh/SK_FPGun_Physics.uasset" 1017
"F:/Users/Michael Cawood/Documents/Unreal Projects/VR_Test/Content/FPWeapon/Mesh/SK_FPGun_Physics.uexp" 1018
"F:/Users/Michael Cawood/Documents/Unreal Projects/VR_Test/Content/FPWeapon/Mesh/SK_FPGun_Skeleton.uasset" 1019
"F:/Users/Michael Cawood/Documents/Unreal Projects/VR_Test/Content/FPWeapon/Mesh/SK_FPGun_Skeleton.uexp" 1020
"F:/Users/Michael Cawood/Documents/Unreal Projects/VR_Test/Content/FPWeapon/Mesh/SK_FPGun.uasset" 1021
"F:/Users/Michael Cawood/Documents/Unreal Projects/VR_Test/Content/FPWeapon/Mesh/SK_FPGun.uexp" 1022
"F:/Users/Michael Cawood/Documents/Unreal Projects/VR_Test/Content/VRTemplate/Materials/M_Projectile.uasset" 1023
"F:/Users/Michael Cawood/Documents/Unreal Projects/VR_Test/Content/VRTemplate/Materials/M_Projectile.uexp" 1024
"F:/Users/Michael Cawood/Documents/Unreal Projects/VR_Test/Content/VRTemplate/Materials/MI_Projectile.uasset" 1025
"F:/Users/Michael Cawood/Documents/Unreal Projects/VR_Test/Content/VRTemplate/Materials/MI_Projectile.uexp" 1026
"F:/Users/Michael Cawood/Documents/Unreal Projects/VR_Test/Content/VRTemplate/Blueprints/Projectile.uasset" 1027
"F:/Users/Michael Cawood/Documents/Unreal Projects/VR_Test/Content/VRTemplate/Blueprints/Projectile.uexp" 1028
"F:/Users/Michael Cawood/Documents/Unreal Projects/VR_Test/Content/VRTemplate/Haptics/PistolFireHapticEffect.uasset" 1029
"F:/Users/Michael Cawood/Documents/Unreal Projects/VR_Test/Content/VRTemplate/Haptics/PistolFireHapticEffect.uexp" 1030
"F:/Users/Michael Cawood/Documents/Unreal Projects/VR_Test/Content/VRTemplate/Blueprints/Pistol.uasset" 1031
"F:/Users/Michael Cawood/Documents/Unreal Projects/VR_Test/Content/VRTemplate/Blueprints/Pistol.uexp" 1032
"F:/Users/Michael Cawood/Documents/Unreal Projects/VR_Test/Content/VRTemplate/Maps/VRTemplateMap_BuiltData.uasset" 1033
"F:/Users/Michael Cawood/Documents/Unreal Projects/VR_Test/Content/VRTemplate/Maps/VRTemplateMap_BuiltData.uexp" 1034
"F:/Users/Michael Cawood/Documents/Unreal Projects/VR_Test/Content/VRTemplate/Maps/VRTemplateMap_BuiltData.ubulk" 1035
"../../../Engine/Content/EditorResources/MatineeCam_D.uasset" 1036
"../../../Engine/Content/EditorResources/MatineeCam_D.uexp" 1037
"../../../Engine/Content/EditorMaterials/MatineeCam_mat.uasset" 1038
"../../../Engine/Content/EditorMaterials/MatineeCam_mat.uexp" 1039
"../../../Engine/Content/EditorMeshes/MatineeCam_SM.uasset" 1040
"../../../Engine/Content/EditorMeshes/MatineeCam_SM.uexp" 1041
"../../../Engine/Content/EditorMeshes/MatineeCam_SM.ubulk" 1042
"F:/Users/Michael Cawood/Documents/Unreal Projects/VR_Test/Content/VRSpectator/RT_VRSpectator.uasset" 1043
"F:/Users/Michael Cawood/Documents/Unreal Projects/VR_Test/Content/VRSpectator/RT_VRSpectator.uexp" 1044
"F:/Users/Michael Cawood/Documents/Unreal Projects/VR_Test/Content/VRSpectator/VRSpectator.uasset" 1045
"F:/Users/Michael Cawood/Documents/Unreal Projects/VR_Test/Content/VRSpectator/VRSpectator.uexp" 1046
"F:/Users/Michael Cawood/Documents/Unreal Projects/VR_Test/Content/VRTemplate/Audio/Fire01.uasset" 1047
"F:/Users/Michael Cawood/Documents/Unreal Projects/VR_Test/Content/VRTemplate/Audio/Fire01.uexp" 1048
"F:/Users/Michael Cawood/Documents/Unreal Projects/VR_Test/Content/VRTemplate/Audio/Fire01.ubulk" 1049
"F:/Users/Michael Cawood/Documents/Unreal Projects/VR_Test/Content/VRTemplate/Audio/Fire_Cue.uasset" 1050
"F:/Users/Michael Cawood/Documents/Unreal Projects/VR_Test/Content/VRTemplate/Audio/Fire_Cue.uexp" 1051
"../../../Engine/Content/VREditor/BasicMeshes/MI_Cube_01.uasset" 1052
"../../../Engine/Content/VREditor/BasicMeshes/MI_Cube_01.uexp" 1053
"../../../Engine/Content/VREditor/BasicMeshes/SM_Cube_01.uasset" 1054
"../../../Engine/Content/VREditor/BasicMeshes/SM_Cube_01.uexp" 1055
"../../../Engine/Content/VREditor/BasicMeshes/SM_Cube_01.ubulk" 1056
"F:/Users/Michael Cawood/Documents/Unreal Projects/VR_Test/Content/VRTemplate/Blueprints/Grabbable_SmallCube.uasset" 1057
"F:/Users/Michael Cawood/Documents/Unreal Projects/VR_Test/Content/VRTemplate/Blueprints/Grabbable_SmallCube.uexp" 1058
"../../../Engine/Content/Functions/Engine_MaterialFunctions01/Gradient/LinearGradient.uasset" 1059
"../../../Engine/Content/Functions/Engine_MaterialFunctions01/Gradient/LinearGradient.uexp" 1060
"../../../Engine/Content/Functions/Engine_MaterialFunctions01/ImageAdjustment/CheapContrast.uasset" 1061
"../../../Engine/Content/Functions/Engine_MaterialFunctions01/ImageAdjustment/CheapContrast.uexp" 1062
"../../../Engine/Content/Functions/Engine_MaterialFunctions01/Texturing/WorldAlignedTexture.uasset" 1063
"../../../Engine/Content/Functions/Engine_MaterialFunctions01/Texturing/WorldAlignedTexture.uexp" 1064
"F:/Users/Michael Cawood/Documents/Unreal Projects/VR_Test/Content/VRTemplate/Textures/T_Grid.uasset" 1065
"F:/Users/Michael Cawood/Documents/Unreal Projects/VR_Test/Content/VRTemplate/Textures/T_Grid.uexp" 1066
"F:/Users/Michael Cawood/Documents/Unreal Projects/VR_Test/Content/VRTemplate/Textures/T_Grid.ubulk" 1067
"F:/Users/Michael Cawood/Documents/Unreal Projects/VR_Test/Content/VRTemplate/Materials/M_GridRotation.uasset" 1068
"F:/Users/Michael Cawood/Documents/Unreal Projects/VR_Test/Content/VRTemplate/Materials/M_GridRotation.uexp" 1069
"F:/Users/Michael Cawood/Documents/Unreal Projects/VR_Test/Content/VRTemplate/Materials/MI_Grid_Accent.uasset" 1070
"F:/Users/Michael Cawood/Documents/Unreal Projects/VR_Test/Content/VRTemplate/Materials/MI_Grid_Accent.uexp" 1071
"F:/Users/Michael Cawood/Documents/Unreal Projects/VR_Test/Content/VRTemplate/Materials/MI_Grid_Default.uasset" 1072
"F:/Users/Michael Cawood/Documents/Unreal Projects/VR_Test/Content/VRTemplate/Materials/MI_Grid_Default.uexp" 1073
"F:/Users/Michael Cawood/Documents/Unreal Projects/VR_Test/Content/VRTemplate/Maps/VRTemplateMap.uexp" 1074
"F:/Users/Michael Cawood/Documents/Unreal Projects/VR_Test/Content/VRTemplate/Maps/VRTemplateMap.umap" 1075
